<?xml version="1.0" encoding="UTF-8"?>
<robot generator="Robot 5.0.1 (Python 3.10.7 on win32)" generated="20220918 23:19:22.694" rpa="false" schemaversion="3">
<suite id="s1" name="TestCases API" source="C:\Users\MageshKumar\PycharmProjects\pythonProject\Test1\TestCase\TestCases_API.robot">
<test id="s1-t1" name="UC1_TC1:Insert SINGLE Class Hero Record - response code 202" line="7">
<kw name="Create Session" library="RequestsLibrary">
<arg>mysession</arg>
<arg>${baseURI}</arg>
<doc>Create Session: create a HTTP session to a server</doc>
<msg timestamp="20220918 23:19:23.049" level="INFO">Creating Session using : alias=mysession, url=http://localhost:8080/, headers={},                     cookies={}, auth=None, timeout=None, proxies=None, verify=False,                     debug=0 </msg>
<status status="PASS" starttime="20220918 23:19:23.049" endtime="20220918 23:19:23.049"/>
</kw>
<kw name="Get Binary File" library="OperatingSystem">
<var>${jsonBody}</var>
<arg>${JSONFilePath}UC1_Test_Data.json</arg>
<doc>Returns the contents of a specified file.</doc>
<msg timestamp="20220918 23:19:23.049" level="INFO" html="true">Getting file '&lt;a href="file://C:\Users\MageshKumar\PycharmProjects\pythonProject\Test1\TestData\UC1_Test_Data.json"&gt;C:\Users\MageshKumar\PycharmProjects\pythonProject\Test1\TestData\UC1_Test_Data.json&lt;/a&gt;'.</msg>
<msg timestamp="20220918 23:19:23.049" level="INFO">${jsonBody} = {
  "birthday": "07071994",
  "gender": "M",
  "name": "Google.S1",
  "natid": "NPHC1$$$$$",
  "salary": "700.00",
  "tax": "650.00"
}</msg>
<status status="PASS" starttime="20220918 23:19:23.049" endtime="20220918 23:19:23.049"/>
</kw>
<kw name="Create Dictionary" library="BuiltIn">
<var>${header}</var>
<arg>Content-Type=application/json</arg>
<doc>Creates and returns a dictionary based on the given ``items``.</doc>
<msg timestamp="20220918 23:19:23.050" level="INFO">${header} = {'Content-Type': 'application/json'}</msg>
<status status="PASS" starttime="20220918 23:19:23.049" endtime="20220918 23:19:23.050"/>
</kw>
<kw name="POST On Session" library="RequestsLibrary">
<var>${response}</var>
<arg>mysession</arg>
<arg>calculator/insert</arg>
<arg>data=${jsonBody}</arg>
<arg>headers=${header}</arg>
<arg>expected_status=202</arg>
<doc>Sends a POST request on a previously created HTTP Session.</doc>
<msg timestamp="20220918 23:19:23.067" level="INFO">POST Request : url=http://localhost:8080/calculator/insert 
 path_url=/calculator/insert 
 headers={'User-Agent': 'python-requests/2.28.1', 'Accept-Encoding': 'gzip, deflate', 'Accept': '*/*', 'Connection': 'keep-alive', 'Content-Type': 'application/json', 'Content-Length': '141'} 
 body=b'{\r\n  "birthday": "07071994",\r\n  "gender": "M",\r\n  "name": "Google.S1",\r\n  "natid": "NPHC1$$$$$",\r\n  "salary": "700.00",\r\n  "tax": "650.00"\r\n}' 
 </msg>
<msg timestamp="20220918 23:19:23.067" level="INFO">POST Response : url=http://localhost:8080/calculator/insert 
 status=202, reason= 
 headers={'Content-Type': 'text/plain;charset=UTF-8', 'Content-Length': '7', 'Date': 'Sun, 18 Sep 2022 17:49:23 GMT'} 
 body=Alright 
 </msg>
<msg timestamp="20220918 23:19:23.067" level="INFO">${response} = &lt;Response [202]&gt;</msg>
<status status="PASS" starttime="20220918 23:19:23.050" endtime="20220918 23:19:23.067"/>
</kw>
<kw name="Convert To String" library="BuiltIn">
<var>${status_Code}</var>
<arg>${response.status_code}</arg>
<doc>Converts the given item to a Unicode string.</doc>
<msg timestamp="20220918 23:19:23.068" level="INFO">${status_Code} = 202</msg>
<status status="PASS" starttime="20220918 23:19:23.067" endtime="20220918 23:19:23.068"/>
</kw>
<kw name="Should Be Equal" library="BuiltIn">
<arg>${status_code}</arg>
<arg>202</arg>
<doc>Fails if the given objects are unequal.</doc>
<status status="PASS" starttime="20220918 23:19:23.069" endtime="20220918 23:19:23.069"/>
</kw>
<status status="PASS" starttime="20220918 23:19:23.048" endtime="20220918 23:19:23.069"/>
</test>
<test id="s1-t2" name="UC1_TC2:Insert SINGLE Class Hero Record - response code 404" line="15">
<kw name="Create Session" library="RequestsLibrary">
<arg>mysession</arg>
<arg>${baseURI}</arg>
<doc>Create Session: create a HTTP session to a server</doc>
<msg timestamp="20220918 23:19:23.070" level="INFO">Creating Session using : alias=mysession, url=http://localhost:8080/, headers={},                     cookies={}, auth=None, timeout=None, proxies=None, verify=False,                     debug=0 </msg>
<status status="PASS" starttime="20220918 23:19:23.070" endtime="20220918 23:19:23.070"/>
</kw>
<kw name="Get Binary File" library="OperatingSystem">
<var>${jsonBody}</var>
<arg>${JSONFilePath}UC1_Test_Data.json</arg>
<doc>Returns the contents of a specified file.</doc>
<msg timestamp="20220918 23:19:23.070" level="INFO" html="true">Getting file '&lt;a href="file://C:\Users\MageshKumar\PycharmProjects\pythonProject\Test1\TestData\UC1_Test_Data.json"&gt;C:\Users\MageshKumar\PycharmProjects\pythonProject\Test1\TestData\UC1_Test_Data.json&lt;/a&gt;'.</msg>
<msg timestamp="20220918 23:19:23.070" level="INFO">${jsonBody} = {
  "birthday": "07071994",
  "gender": "M",
  "name": "Google.S1",
  "natid": "NPHC1$$$$$",
  "salary": "700.00",
  "tax": "650.00"
}</msg>
<status status="PASS" starttime="20220918 23:19:23.070" endtime="20220918 23:19:23.070"/>
</kw>
<kw name="Create Dictionary" library="BuiltIn">
<var>${header}</var>
<arg>Content-Type=application/json</arg>
<doc>Creates and returns a dictionary based on the given ``items``.</doc>
<msg timestamp="20220918 23:19:23.072" level="INFO">${header} = {'Content-Type': 'application/json'}</msg>
<status status="PASS" starttime="20220918 23:19:23.072" endtime="20220918 23:19:23.072"/>
</kw>
<kw name="POST On Session" library="RequestsLibrary">
<var>${response}</var>
<arg>mysession</arg>
<arg>calculator/insert1</arg>
<arg>data=${jsonBody}</arg>
<arg>headers=${header}</arg>
<arg>expected_status=404</arg>
<doc>Sends a POST request on a previously created HTTP Session.</doc>
<msg timestamp="20220918 23:19:23.195" level="INFO">POST Request : url=http://localhost:8080/calculator/insert1 
 path_url=/calculator/insert1 
 headers={'User-Agent': 'python-requests/2.28.1', 'Accept-Encoding': 'gzip, deflate', 'Accept': '*/*', 'Connection': 'keep-alive', 'Content-Type': 'application/json', 'Content-Length': '141'} 
 body=b'{\r\n  "birthday": "07071994",\r\n  "gender": "M",\r\n  "name": "Google.S1",\r\n  "natid": "NPHC1$$$$$",\r\n  "salary": "700.00",\r\n  "tax": "650.00"\r\n}' 
 </msg>
<msg timestamp="20220918 23:19:23.195" level="INFO">POST Response : url=http://localhost:8080/calculator/insert1 
 status=404, reason= 
 headers={'Content-Type': 'application/json;charset=UTF-8', 'Transfer-Encoding': 'chunked', 'Date': 'Sun, 18 Sep 2022 17:49:23 GMT'} 
 body={"timestamp":"2022-09-18T17:49:23.193+0000","status":404,"error":"Not Found","message":"No message available","path":"/calculator/insert1"} 
 </msg>
<msg timestamp="20220918 23:19:23.195" level="INFO">${response} = &lt;Response [404]&gt;</msg>
<status status="PASS" starttime="20220918 23:19:23.072" endtime="20220918 23:19:23.195"/>
</kw>
<kw name="Convert To String" library="BuiltIn">
<var>${status_Code}</var>
<arg>${response.status_code}</arg>
<doc>Converts the given item to a Unicode string.</doc>
<msg timestamp="20220918 23:19:23.196" level="INFO">${status_Code} = 404</msg>
<status status="PASS" starttime="20220918 23:19:23.196" endtime="20220918 23:19:23.196"/>
</kw>
<kw name="Should Be Equal" library="BuiltIn">
<arg>${status_code}</arg>
<arg>404</arg>
<doc>Fails if the given objects are unequal.</doc>
<status status="PASS" starttime="20220918 23:19:23.196" endtime="20220918 23:19:23.196"/>
</kw>
<status status="PASS" starttime="20220918 23:19:23.070" endtime="20220918 23:19:23.196"/>
</test>
<test id="s1-t3" name="UC1_TC3:Insert SINGLE Class Hero Record - response code 500" line="23">
<kw name="Create Session" library="RequestsLibrary">
<arg>mysession</arg>
<arg>${baseURI}</arg>
<doc>Create Session: create a HTTP session to a server</doc>
<msg timestamp="20220918 23:19:23.197" level="INFO">Creating Session using : alias=mysession, url=http://localhost:8080/, headers={},                     cookies={}, auth=None, timeout=None, proxies=None, verify=False,                     debug=0 </msg>
<status status="PASS" starttime="20220918 23:19:23.197" endtime="20220918 23:19:23.197"/>
</kw>
<kw name="Get Binary File" library="OperatingSystem">
<var>${jsonBody}</var>
<arg>${JSONFilePath}UC1_TC3_Test_Data.json</arg>
<doc>Returns the contents of a specified file.</doc>
<msg timestamp="20220918 23:19:23.198" level="INFO" html="true">Getting file '&lt;a href="file://C:\Users\MageshKumar\PycharmProjects\pythonProject\Test1\TestData\UC1_TC3_Test_Data.json"&gt;C:\Users\MageshKumar\PycharmProjects\pythonProject\Test1\TestData\UC1_TC3_Test_Data.json&lt;/a&gt;'.</msg>
<msg timestamp="20220918 23:19:23.198" level="INFO">${jsonBody} = {
  "birthday": "07071994",
  "gender": "M",
  "name": "Google.S1",
  "salary": "700.00",
  "tax": "20.00"
}</msg>
<status status="PASS" starttime="20220918 23:19:23.198" endtime="20220918 23:19:23.198"/>
</kw>
<kw name="Create Dictionary" library="BuiltIn">
<var>${header}</var>
<arg>Content-Type=application/json</arg>
<doc>Creates and returns a dictionary based on the given ``items``.</doc>
<msg timestamp="20220918 23:19:23.199" level="INFO">${header} = {'Content-Type': 'application/json'}</msg>
<status status="PASS" starttime="20220918 23:19:23.199" endtime="20220918 23:19:23.199"/>
</kw>
<kw name="POST On Session" library="RequestsLibrary">
<var>${response}</var>
<arg>mysession</arg>
<arg>calculator/insert</arg>
<arg>data=${jsonBody}</arg>
<arg>headers=${header}</arg>
<arg>expected_status=500</arg>
<doc>Sends a POST request on a previously created HTTP Session.</doc>
<msg timestamp="20220918 23:19:23.223" level="INFO">POST Request : url=http://localhost:8080/calculator/insert 
 path_url=/calculator/insert 
 headers={'User-Agent': 'python-requests/2.28.1', 'Accept-Encoding': 'gzip, deflate', 'Accept': '*/*', 'Connection': 'keep-alive', 'Content-Type': 'application/json', 'Content-Length': '114'} 
 body=b'{\r\n  "birthday": "07071994",\r\n  "gender": "M",\r\n  "name": "Google.S1",\r\n  "salary": "700.00",\r\n  "tax": "20.00"\r\n}' 
 </msg>
<msg timestamp="20220918 23:19:23.223" level="INFO">POST Response : url=http://localhost:8080/calculator/insert 
 status=500, reason= 
 headers={'Content-Type': 'application/json;charset=UTF-8', 'Transfer-Encoding': 'chunked', 'Date': 'Sun, 18 Sep 2022 17:49:23 GMT', 'Connection': 'close'} 
 body={"timestamp":"2022-09-18T17:49:23.213+0000","status":500,"error":"Internal Server Error","message":"could not execute statement; SQL [n/a]; constraint [null]; nested exception is org.hibernate.exception.ConstraintViolationException: could not execute statement","path":"/calculator/insert"} 
 </msg>
<msg timestamp="20220918 23:19:23.223" level="INFO">${response} = &lt;Response [500]&gt;</msg>
<status status="PASS" starttime="20220918 23:19:23.199" endtime="20220918 23:19:23.223"/>
</kw>
<kw name="Convert To String" library="BuiltIn">
<var>${status_Code}</var>
<arg>${response.status_code}</arg>
<doc>Converts the given item to a Unicode string.</doc>
<msg timestamp="20220918 23:19:23.224" level="INFO">${status_Code} = 500</msg>
<status status="PASS" starttime="20220918 23:19:23.224" endtime="20220918 23:19:23.224"/>
</kw>
<kw name="Should Be Equal" library="BuiltIn">
<arg>${status_code}</arg>
<arg>500</arg>
<doc>Fails if the given objects are unequal.</doc>
<status status="PASS" starttime="20220918 23:19:23.224" endtime="20220918 23:19:23.224"/>
</kw>
<status status="PASS" starttime="20220918 23:19:23.197" endtime="20220918 23:19:23.225"/>
</test>
<test id="s1-t4" name="UC2_TC1:Insert Multiple Class Hero Record - response code 202" line="31">
<kw name="Create Session" library="RequestsLibrary">
<arg>mysession</arg>
<arg>${baseURI}</arg>
<doc>Create Session: create a HTTP session to a server</doc>
<msg timestamp="20220918 23:19:23.225" level="INFO">Creating Session using : alias=mysession, url=http://localhost:8080/, headers={},                     cookies={}, auth=None, timeout=None, proxies=None, verify=False,                     debug=0 </msg>
<status status="PASS" starttime="20220918 23:19:23.225" endtime="20220918 23:19:23.226"/>
</kw>
<kw name="Get Binary File" library="OperatingSystem">
<var>${jsonBody}</var>
<arg>${JSONFilePath}UC2_Test_Data.json</arg>
<doc>Returns the contents of a specified file.</doc>
<msg timestamp="20220918 23:19:23.226" level="INFO" html="true">Getting file '&lt;a href="file://C:\Users\MageshKumar\PycharmProjects\pythonProject\Test1\TestData\UC2_Test_Data.json"&gt;C:\Users\MageshKumar\PycharmProjects\pythonProject\Test1\TestData\UC2_Test_Data.json&lt;/a&gt;'.</msg>
<msg timestamp="20220918 23:19:23.226" level="INFO">${jsonBody} = [
{
  "birthday": "07071994",
  "gender": "F",
  "name": "Google.M1",
  "natid": "NPHC2$$$$$",
  "salary": "100.00",
  "tax": "52.00"
},
{
  "birthday": "07071994",
  "gender": "M",
  "nam...</msg>
<status status="PASS" starttime="20220918 23:19:23.226" endtime="20220918 23:19:23.226"/>
</kw>
<kw name="Create Dictionary" library="BuiltIn">
<var>${header}</var>
<arg>Content-Type=application/json</arg>
<doc>Creates and returns a dictionary based on the given ``items``.</doc>
<msg timestamp="20220918 23:19:23.226" level="INFO">${header} = {'Content-Type': 'application/json'}</msg>
<status status="PASS" starttime="20220918 23:19:23.226" endtime="20220918 23:19:23.226"/>
</kw>
<kw name="POST On Session" library="RequestsLibrary">
<var>${response}</var>
<arg>mysession</arg>
<arg>${multipleRecord_contextPath}</arg>
<arg>data=${jsonBody}</arg>
<arg>headers=${header}</arg>
<doc>Sends a POST request on a previously created HTTP Session.</doc>
<msg timestamp="20220918 23:19:23.283" level="INFO">POST Request : url=http://localhost:8080/calculator/insertMultiple 
 path_url=/calculator/insertMultiple 
 headers={'User-Agent': 'python-requests/2.28.1', 'Accept-Encoding': 'gzip, deflate', 'Accept': '*/*', 'Connection': 'keep-alive', 'Content-Type': 'application/json', 'Content-Length': '287'} 
 body=b'[\r\n{\r\n  "birthday": "07071994",\r\n  "gender": "F",\r\n  "name": "Google.M1",\r\n  "natid": "NPHC2$$$$$",\r\n  "salary": "100.00",\r\n  "tax": "52.00"\r\n},\r\n{\r\n  "birthday": "07071994",\r\n  "gender": "M",\r\n  "name": "Google.M2",\r\n  "natid": "NPHC3$$$$$",\r\n  "salary": "700.00",\r\n  "tax": "20.00"\r\n}]' 
 </msg>
<msg timestamp="20220918 23:19:23.283" level="INFO">POST Response : url=http://localhost:8080/calculator/insertMultiple 
 status=202, reason= 
 headers={'Content-Type': 'text/plain;charset=UTF-8', 'Content-Length': '7', 'Date': 'Sun, 18 Sep 2022 17:49:23 GMT'} 
 body=Alright 
 </msg>
<msg timestamp="20220918 23:19:23.283" level="INFO">${response} = &lt;Response [202]&gt;</msg>
<status status="PASS" starttime="20220918 23:19:23.227" endtime="20220918 23:19:23.283"/>
</kw>
<kw name="Convert To String" library="BuiltIn">
<var>${status_Code}</var>
<arg>${response.status_code}</arg>
<doc>Converts the given item to a Unicode string.</doc>
<msg timestamp="20220918 23:19:23.285" level="INFO">${status_Code} = 202</msg>
<status status="PASS" starttime="20220918 23:19:23.284" endtime="20220918 23:19:23.285"/>
</kw>
<kw name="Should Be Equal" library="BuiltIn">
<arg>${status_code}</arg>
<arg>202</arg>
<doc>Fails if the given objects are unequal.</doc>
<status status="PASS" starttime="20220918 23:19:23.286" endtime="20220918 23:19:23.286"/>
</kw>
<status status="PASS" starttime="20220918 23:19:23.225" endtime="20220918 23:19:23.287"/>
</test>
<test id="s1-t5" name="UC2_TC2:Insert Multiple Class Hero Record - response code 404" line="39">
<kw name="Create Session" library="RequestsLibrary">
<arg>mysession</arg>
<arg>${baseURI}</arg>
<doc>Create Session: create a HTTP session to a server</doc>
<msg timestamp="20220918 23:19:23.288" level="INFO">Creating Session using : alias=mysession, url=http://localhost:8080/, headers={},                     cookies={}, auth=None, timeout=None, proxies=None, verify=False,                     debug=0 </msg>
<status status="PASS" starttime="20220918 23:19:23.287" endtime="20220918 23:19:23.288"/>
</kw>
<kw name="Get Binary File" library="OperatingSystem">
<var>${jsonBody}</var>
<arg>${JSONFilePath}UC2_Test_Data.json</arg>
<doc>Returns the contents of a specified file.</doc>
<msg timestamp="20220918 23:19:23.288" level="INFO" html="true">Getting file '&lt;a href="file://C:\Users\MageshKumar\PycharmProjects\pythonProject\Test1\TestData\UC2_Test_Data.json"&gt;C:\Users\MageshKumar\PycharmProjects\pythonProject\Test1\TestData\UC2_Test_Data.json&lt;/a&gt;'.</msg>
<msg timestamp="20220918 23:19:23.288" level="INFO">${jsonBody} = [
{
  "birthday": "07071994",
  "gender": "F",
  "name": "Google.M1",
  "natid": "NPHC2$$$$$",
  "salary": "100.00",
  "tax": "52.00"
},
{
  "birthday": "07071994",
  "gender": "M",
  "nam...</msg>
<status status="PASS" starttime="20220918 23:19:23.288" endtime="20220918 23:19:23.288"/>
</kw>
<kw name="Create Dictionary" library="BuiltIn">
<var>${header}</var>
<arg>Content-Type=application/json</arg>
<doc>Creates and returns a dictionary based on the given ``items``.</doc>
<msg timestamp="20220918 23:19:23.289" level="INFO">${header} = {'Content-Type': 'application/json'}</msg>
<status status="PASS" starttime="20220918 23:19:23.288" endtime="20220918 23:19:23.289"/>
</kw>
<kw name="POST On Session" library="RequestsLibrary">
<var>${response}</var>
<arg>mysession</arg>
<arg>calculator/insertMultiple1</arg>
<arg>data=${jsonBody}</arg>
<arg>headers=${header}</arg>
<arg>expected_status=404</arg>
<doc>Sends a POST request on a previously created HTTP Session.</doc>
<msg timestamp="20220918 23:19:23.298" level="INFO">POST Request : url=http://localhost:8080/calculator/insertMultiple1 
 path_url=/calculator/insertMultiple1 
 headers={'User-Agent': 'python-requests/2.28.1', 'Accept-Encoding': 'gzip, deflate', 'Accept': '*/*', 'Connection': 'keep-alive', 'Content-Type': 'application/json', 'Content-Length': '287'} 
 body=b'[\r\n{\r\n  "birthday": "07071994",\r\n  "gender": "F",\r\n  "name": "Google.M1",\r\n  "natid": "NPHC2$$$$$",\r\n  "salary": "100.00",\r\n  "tax": "52.00"\r\n},\r\n{\r\n  "birthday": "07071994",\r\n  "gender": "M",\r\n  "name": "Google.M2",\r\n  "natid": "NPHC3$$$$$",\r\n  "salary": "700.00",\r\n  "tax": "20.00"\r\n}]' 
 </msg>
<msg timestamp="20220918 23:19:23.298" level="INFO">POST Response : url=http://localhost:8080/calculator/insertMultiple1 
 status=404, reason= 
 headers={'Content-Type': 'application/json;charset=UTF-8', 'Transfer-Encoding': 'chunked', 'Date': 'Sun, 18 Sep 2022 17:49:23 GMT'} 
 body={"timestamp":"2022-09-18T17:49:23.296+0000","status":404,"error":"Not Found","message":"No message available","path":"/calculator/insertMultiple1"} 
 </msg>
<msg timestamp="20220918 23:19:23.299" level="INFO">${response} = &lt;Response [404]&gt;</msg>
<status status="PASS" starttime="20220918 23:19:23.289" endtime="20220918 23:19:23.299"/>
</kw>
<kw name="Convert To String" library="BuiltIn">
<var>${status_Code}</var>
<arg>${response.status_code}</arg>
<doc>Converts the given item to a Unicode string.</doc>
<msg timestamp="20220918 23:19:23.299" level="INFO">${status_Code} = 404</msg>
<status status="PASS" starttime="20220918 23:19:23.299" endtime="20220918 23:19:23.299"/>
</kw>
<kw name="Should Be Equal" library="BuiltIn">
<arg>${status_code}</arg>
<arg>404</arg>
<doc>Fails if the given objects are unequal.</doc>
<status status="PASS" starttime="20220918 23:19:23.300" endtime="20220918 23:19:23.300"/>
</kw>
<status status="PASS" starttime="20220918 23:19:23.287" endtime="20220918 23:19:23.300"/>
</test>
<test id="s1-t6" name="UC2_TC3:Insert Multiple Class Hero Record - response code 500" line="47">
<kw name="Create Session" library="RequestsLibrary">
<arg>mysession</arg>
<arg>${baseURI}</arg>
<doc>Create Session: create a HTTP session to a server</doc>
<msg timestamp="20220918 23:19:23.301" level="INFO">Creating Session using : alias=mysession, url=http://localhost:8080/, headers={},                     cookies={}, auth=None, timeout=None, proxies=None, verify=False,                     debug=0 </msg>
<status status="PASS" starttime="20220918 23:19:23.301" endtime="20220918 23:19:23.301"/>
</kw>
<kw name="Get Binary File" library="OperatingSystem">
<var>${jsonBody}</var>
<arg>${JSONFilePath}UC2_TC3_Test_Data.json</arg>
<doc>Returns the contents of a specified file.</doc>
<msg timestamp="20220918 23:19:23.301" level="INFO" html="true">Getting file '&lt;a href="file://C:\Users\MageshKumar\PycharmProjects\pythonProject\Test1\TestData\UC2_TC3_Test_Data.json"&gt;C:\Users\MageshKumar\PycharmProjects\pythonProject\Test1\TestData\UC2_TC3_Test_Data.json&lt;/a&gt;'.</msg>
<msg timestamp="20220918 23:19:23.301" level="INFO">${jsonBody} = [
{
  "birthday": "07071994",
  "gender": "M",
  "name": "Google.M9",
  "salary": "700.00",
  "tax": "680.00"
},
{
  "birthday": "07071994",
  "gender": "M",
  "name": "Google.M10",
  "nat...</msg>
<status status="PASS" starttime="20220918 23:19:23.301" endtime="20220918 23:19:23.301"/>
</kw>
<kw name="Create Dictionary" library="BuiltIn">
<var>${header}</var>
<arg>Content-Type=application/json</arg>
<doc>Creates and returns a dictionary based on the given ``items``.</doc>
<msg timestamp="20220918 23:19:23.302" level="INFO">${header} = {'Content-Type': 'application/json'}</msg>
<status status="PASS" starttime="20220918 23:19:23.302" endtime="20220918 23:19:23.302"/>
</kw>
<kw name="POST On Session" library="RequestsLibrary">
<var>${response}</var>
<arg>mysession</arg>
<arg>${multipleRecord_contextPath}</arg>
<arg>data=${jsonBody}</arg>
<arg>headers=${header}</arg>
<arg>expected_status=500</arg>
<doc>Sends a POST request on a previously created HTTP Session.</doc>
<msg timestamp="20220918 23:19:23.314" level="INFO">POST Request : url=http://localhost:8080/calculator/insertMultiple 
 path_url=/calculator/insertMultiple 
 headers={'User-Agent': 'python-requests/2.28.1', 'Accept-Encoding': 'gzip, deflate', 'Accept': '*/*', 'Connection': 'keep-alive', 'Content-Type': 'application/json', 'Content-Length': '263'} 
 body=b'[\r\n{\r\n  "birthday": "07071994",\r\n  "gender": "M",\r\n  "name": "Google.M9",\r\n  "salary": "700.00",\r\n  "tax": "680.00"\r\n},\r\n{\r\n  "birthday": "07071994",\r\n  "gender": "M",\r\n  "name": "Google.M10",\r\n  "natid": "NPHC3$$$$$",\r\n  "salary": "700.00",\r\n  "tax": "20.00"\r\n}]' 
 </msg>
<msg timestamp="20220918 23:19:23.314" level="INFO">POST Response : url=http://localhost:8080/calculator/insertMultiple 
 status=500, reason= 
 headers={'Content-Type': 'application/json;charset=UTF-8', 'Transfer-Encoding': 'chunked', 'Date': 'Sun, 18 Sep 2022 17:49:23 GMT', 'Connection': 'close'} 
 body={"timestamp":"2022-09-18T17:49:23.312+0000","status":500,"error":"Internal Server Error","message":"could not execute statement; SQL [n/a]; constraint [null]; nested exception is org.hibernate.exception.ConstraintViolationException: could not execute statement","path":"/calculator/insertMultiple"} 
 </msg>
<msg timestamp="20220918 23:19:23.314" level="INFO">${response} = &lt;Response [500]&gt;</msg>
<status status="PASS" starttime="20220918 23:19:23.302" endtime="20220918 23:19:23.314"/>
</kw>
<kw name="Convert To String" library="BuiltIn">
<var>${status_Code}</var>
<arg>${response.status_code}</arg>
<doc>Converts the given item to a Unicode string.</doc>
<msg timestamp="20220918 23:19:23.315" level="INFO">${status_Code} = 500</msg>
<status status="PASS" starttime="20220918 23:19:23.315" endtime="20220918 23:19:23.315"/>
</kw>
<kw name="Should Be Equal" library="BuiltIn">
<arg>${status_code}</arg>
<arg>500</arg>
<doc>Fails if the given objects are unequal.</doc>
<status status="PASS" starttime="20220918 23:19:23.316" endtime="20220918 23:19:23.316"/>
</kw>
<status status="PASS" starttime="20220918 23:19:23.300" endtime="20220918 23:19:23.316"/>
</test>
<test id="s1-t7" name="UC4_TC1:Bookkeeping Manager verification" line="55">
<kw name="Create Session" library="RequestsLibrary">
<arg>mysession</arg>
<arg>${baseURI}</arg>
<doc>Create Session: create a HTTP session to a server</doc>
<msg timestamp="20220918 23:19:23.319" level="INFO">Creating Session using : alias=mysession, url=http://localhost:8080/, headers={},                     cookies={}, auth=None, timeout=None, proxies=None, verify=False,                     debug=0 </msg>
<status status="PASS" starttime="20220918 23:19:23.318" endtime="20220918 23:19:23.319"/>
</kw>
<kw name="GET On Session" library="RequestsLibrary">
<var>${response}</var>
<arg>mysession</arg>
<arg>calculator/taxRelief</arg>
<doc>Sends a GET request on a previously created HTTP Session.</doc>
<msg timestamp="20220918 23:19:23.342" level="INFO">GET Request : url=http://localhost:8080/calculator/taxRelief 
 path_url=/calculator/taxRelief 
 headers={'User-Agent': 'python-requests/2.28.1', 'Accept-Encoding': 'gzip, deflate', 'Accept': '*/*', 'Connection': 'keep-alive'} 
 body=None 
 </msg>
<msg timestamp="20220918 23:19:23.342" level="INFO">GET Response : url=http://localhost:8080/calculator/taxRelief 
 status=200, reason= 
 headers={'Content-Type': 'application/json;charset=UTF-8', 'Transfer-Encoding': 'chunked', 'Date': 'Sun, 18 Sep 2022 17:49:23 GMT'} 
 body=[{"natid":"NPHC$$$$$$","name":"Google.S1","relief":"50.00"},{"natid":"NPHC$$$$$$","name":"Google.M1","relief":"538.00"},{"natid":"NPHC$$$$$$","name":"Google.M2","relief":"544.00"},{"natid":"NPHC$$$$$$","name":"Google.S1","relief":"50.00"},{"natid":"NPHC$$$$$$","name":"Google.M1","relief":"538.00"},{"natid":"NPHC$$$$$$","name":"Google.M2","relief":"544.00"},{"natid":"NPHC$$$$$$","name":"Google.S1","relief":"50.00"},{"natid":"NPHC$$$$$$","name":"Google.M1","relief":"538.00"},{"natid":"NPHC$$$$$$","name":"Google.M2","relief":"544.00"}] 
 </msg>
<msg timestamp="20220918 23:19:23.342" level="INFO">${response} = &lt;Response [200]&gt;</msg>
<status status="PASS" starttime="20220918 23:19:23.319" endtime="20220918 23:19:23.342"/>
</kw>
<for flavor="IN">
<var>${i}</var>
<value>@{response.json()}</value>
<iter>
<var name="${i}">{'natid': 'NPHC$$$$$$', 'name': 'Google.S1', 'relief': '50.00'}</var>
<kw name="Set Variable" library="BuiltIn">
<var>${natid_str}</var>
<arg>${i["natid"]}</arg>
<doc>Returns the given values which can then be assigned to a variables.</doc>
<msg timestamp="20220918 23:19:23.343" level="INFO">${natid_str} = NPHC$$$$$$</msg>
<status status="PASS" starttime="20220918 23:19:23.343" endtime="20220918 23:19:23.343"/>
</kw>
<kw name="Set Variable" library="BuiltIn">
<var>${name_str}</var>
<arg>${i["name"]}</arg>
<doc>Returns the given values which can then be assigned to a variables.</doc>
<msg timestamp="20220918 23:19:23.344" level="INFO">${name_str} = Google.S1</msg>
<status status="PASS" starttime="20220918 23:19:23.343" endtime="20220918 23:19:23.344"/>
</kw>
<kw name="Set Variable" library="BuiltIn">
<var>${reflief_str}</var>
<arg>${i["relief"]}</arg>
<doc>Returns the given values which can then be assigned to a variables.</doc>
<msg timestamp="20220918 23:19:23.344" level="INFO">${reflief_str} = 50.00</msg>
<status status="PASS" starttime="20220918 23:19:23.344" endtime="20220918 23:19:23.344"/>
</kw>
<kw name="Set Variable" library="BuiltIn">
<var>${gender_str}</var>
<arg>M</arg>
<doc>Returns the given values which can then be assigned to a variables.</doc>
<msg timestamp="20220918 23:19:23.344" level="INFO">${gender_str} = M</msg>
<status status="PASS" starttime="20220918 23:19:23.344" endtime="20220918 23:19:23.344"/>
</kw>
<kw name="Set Variable" library="BuiltIn">
<var>${salary_str}</var>
<arg>700.00</arg>
<doc>Returns the given values which can then be assigned to a variables.</doc>
<msg timestamp="20220918 23:19:23.344" level="INFO">${salary_str} = 700.00</msg>
<status status="PASS" starttime="20220918 23:19:23.344" endtime="20220918 23:19:23.344"/>
</kw>
<kw name="Set Variable" library="BuiltIn">
<var>${birthday_str}</var>
<arg>07/07/1994</arg>
<doc>Returns the given values which can then be assigned to a variables.</doc>
<msg timestamp="20220918 23:19:23.344" level="INFO">${birthday_str} = 07/07/1994</msg>
<status status="PASS" starttime="20220918 23:19:23.344" endtime="20220918 23:19:23.344"/>
</kw>
<kw name="Set Variable" library="BuiltIn">
<var>${tax_str}</var>
<arg>650.00</arg>
<doc>Returns the given values which can then be assigned to a variables.</doc>
<msg timestamp="20220918 23:19:23.345" level="INFO">${tax_str} = 650.00</msg>
<status status="PASS" starttime="20220918 23:19:23.344" endtime="20220918 23:19:23.345"/>
</kw>
<kw name="Log To Console" library="BuiltIn">
<arg>"-------------------------</arg>
<arg>Test Case AC2 to AC6------------------------------ "</arg>
<doc>Logs the given message to the console.</doc>
<status status="PASS" starttime="20220918 23:19:23.345" endtime="20220918 23:19:23.345"/>
</kw>
<kw name="Log To Console" library="BuiltIn">
<arg>/********* AC 2 verify natid masking ****************/</arg>
<doc>Logs the given message to the console.</doc>
<status status="PASS" starttime="20220918 23:19:23.345" endtime="20220918 23:19:23.345"/>
</kw>
<kw name="Check Mask" library="OppenheimerAPIWrapper">
<var>${actual_result}</var>
<arg>${natid_str}</arg>
<msg timestamp="20220918 23:19:23.345" level="INFO">${actual_result} = True</msg>
<status status="PASS" starttime="20220918 23:19:23.345" endtime="20220918 23:19:23.345"/>
</kw>
<kw name="Run Keyword If" library="BuiltIn">
<arg>${actual_result} == True</arg>
<arg>TC4_AC2_Pass_Log</arg>
<arg>ELSE</arg>
<arg>TC4_AC2_Fail_Log</arg>
<doc>Runs the given keyword with the given arguments, if ``condition`` is true.</doc>
<kw name="TC4_AC2_Pass_Log" library="API_keywords">
<kw name="Log To Console" library="BuiltIn">
<arg>....AC2 - The nat id only contains $ from 5th digit Test Pass</arg>
<arg>....</arg>
<arg>&gt;&gt;</arg>
<doc>Logs the given message to the console.</doc>
<status status="PASS" starttime="20220918 23:19:23.346" endtime="20220918 23:19:23.346"/>
</kw>
<status status="PASS" starttime="20220918 23:19:23.345" endtime="20220918 23:19:23.346"/>
</kw>
<status status="PASS" starttime="20220918 23:19:23.345" endtime="20220918 23:19:23.346"/>
</kw>
<kw name="Log To Console" library="BuiltIn">
<arg>/********* AC3, AC4 and AC5 CalculatedTaxRelief ****************/</arg>
<doc>Logs the given message to the console.</doc>
<status status="PASS" starttime="20220918 23:19:23.346" endtime="20220918 23:19:23.346"/>
</kw>
<kw name="Verify Calculated Tax Relief" library="OppenheimerAPIWrapper">
<var>${taxRelief}</var>
<arg>${salary_str}</arg>
<arg>${tax_str}</arg>
<arg>${birthday_str}</arg>
<arg>${gender_str}</arg>
<arg>${reflief_str}</arg>
<msg timestamp="20220918 23:19:23.346" level="INFO">['07', '07', '1994']
40.0
Tax Relief Cal 40.0
Tax relief amount is round-off to 50.00:: 50.0
Calculated tax relief value matched actual relief amount: 50.00 expected relied amount: 50.0</msg>
<msg timestamp="20220918 23:19:23.346" level="INFO">${taxRelief} = True</msg>
<status status="PASS" starttime="20220918 23:19:23.346" endtime="20220918 23:19:23.346"/>
</kw>
<kw name="Run Keyword If" library="BuiltIn">
<arg>${taxRelief} == True</arg>
<arg>TC4_AC3_Pass_Log</arg>
<arg>ELSE</arg>
<arg>TC4_AC3_Fail_Log</arg>
<doc>Runs the given keyword with the given arguments, if ``condition`` is true.</doc>
<kw name="TC4_AC3_Pass_Log" library="API_keywords">
<kw name="Log To Console" library="BuiltIn">
<arg>.... AC3,AC4 &amp; AC5 - Tax Relief calculation Test Pass ....</arg>
<arg>&gt;&gt;</arg>
<doc>Logs the given message to the console.</doc>
<status status="PASS" starttime="20220918 23:19:23.347" endtime="20220918 23:19:23.347"/>
</kw>
<status status="PASS" starttime="20220918 23:19:23.346" endtime="20220918 23:19:23.347"/>
</kw>
<status status="PASS" starttime="20220918 23:19:23.346" endtime="20220918 23:19:23.347"/>
</kw>
<kw name="Log To Console" library="BuiltIn">
<arg>/********* AC 6 2 digit round round off value ****************/</arg>
<doc>Logs the given message to the console.</doc>
<status status="PASS" starttime="20220918 23:19:23.347" endtime="20220918 23:19:23.347"/>
</kw>
<kw name="Verify Tax Relief Amt Two Decimal Point" library="OppenheimerAPIWrapper">
<var>${actual_result}</var>
<arg>${reflief_str}</arg>
<msg timestamp="20220918 23:19:23.348" level="INFO">50.00</msg>
<msg timestamp="20220918 23:19:23.348" level="INFO">${actual_result} = True</msg>
<status status="PASS" starttime="20220918 23:19:23.347" endtime="20220918 23:19:23.348"/>
</kw>
<kw name="Run Keyword If" library="BuiltIn">
<arg>${actual_result} == True</arg>
<arg>TC4_AC6_Pass_Log</arg>
<arg>ELSE</arg>
<arg>TC4_AC6_Fail_Log</arg>
<doc>Runs the given keyword with the given arguments, if ``condition`` is true.</doc>
<kw name="TC4_AC6_Pass_Log" library="API_keywords">
<kw name="Log To Console" library="BuiltIn">
<arg>..... AC6 Final Tax Relief with 2 digit round off ....Test Pass &gt;&gt;</arg>
<doc>Logs the given message to the console.</doc>
<status status="PASS" starttime="20220918 23:19:23.348" endtime="20220918 23:19:23.348"/>
</kw>
<status status="PASS" starttime="20220918 23:19:23.348" endtime="20220918 23:19:23.348"/>
</kw>
<status status="PASS" starttime="20220918 23:19:23.348" endtime="20220918 23:19:23.348"/>
</kw>
<status status="PASS" starttime="20220918 23:19:23.343" endtime="20220918 23:19:23.348"/>
</iter>
<iter>
<var name="${i}">{'natid': 'NPHC$$$$$$', 'name': 'Google.M1', 'relief': '538.00'}</var>
<kw name="Set Variable" library="BuiltIn">
<var>${natid_str}</var>
<arg>${i["natid"]}</arg>
<doc>Returns the given values which can then be assigned to a variables.</doc>
<msg timestamp="20220918 23:19:23.349" level="INFO">${natid_str} = NPHC$$$$$$</msg>
<status status="PASS" starttime="20220918 23:19:23.348" endtime="20220918 23:19:23.349"/>
</kw>
<kw name="Set Variable" library="BuiltIn">
<var>${name_str}</var>
<arg>${i["name"]}</arg>
<doc>Returns the given values which can then be assigned to a variables.</doc>
<msg timestamp="20220918 23:19:23.349" level="INFO">${name_str} = Google.M1</msg>
<status status="PASS" starttime="20220918 23:19:23.349" endtime="20220918 23:19:23.349"/>
</kw>
<kw name="Set Variable" library="BuiltIn">
<var>${reflief_str}</var>
<arg>${i["relief"]}</arg>
<doc>Returns the given values which can then be assigned to a variables.</doc>
<msg timestamp="20220918 23:19:23.350" level="INFO">${reflief_str} = 538.00</msg>
<status status="PASS" starttime="20220918 23:19:23.349" endtime="20220918 23:19:23.350"/>
</kw>
<kw name="Set Variable" library="BuiltIn">
<var>${gender_str}</var>
<arg>M</arg>
<doc>Returns the given values which can then be assigned to a variables.</doc>
<msg timestamp="20220918 23:19:23.350" level="INFO">${gender_str} = M</msg>
<status status="PASS" starttime="20220918 23:19:23.350" endtime="20220918 23:19:23.350"/>
</kw>
<kw name="Set Variable" library="BuiltIn">
<var>${salary_str}</var>
<arg>700.00</arg>
<doc>Returns the given values which can then be assigned to a variables.</doc>
<msg timestamp="20220918 23:19:23.350" level="INFO">${salary_str} = 700.00</msg>
<status status="PASS" starttime="20220918 23:19:23.350" endtime="20220918 23:19:23.350"/>
</kw>
<kw name="Set Variable" library="BuiltIn">
<var>${birthday_str}</var>
<arg>07/07/1994</arg>
<doc>Returns the given values which can then be assigned to a variables.</doc>
<msg timestamp="20220918 23:19:23.350" level="INFO">${birthday_str} = 07/07/1994</msg>
<status status="PASS" starttime="20220918 23:19:23.350" endtime="20220918 23:19:23.350"/>
</kw>
<kw name="Set Variable" library="BuiltIn">
<var>${tax_str}</var>
<arg>650.00</arg>
<doc>Returns the given values which can then be assigned to a variables.</doc>
<msg timestamp="20220918 23:19:23.350" level="INFO">${tax_str} = 650.00</msg>
<status status="PASS" starttime="20220918 23:19:23.350" endtime="20220918 23:19:23.350"/>
</kw>
<kw name="Log To Console" library="BuiltIn">
<arg>"-------------------------</arg>
<arg>Test Case AC2 to AC6------------------------------ "</arg>
<doc>Logs the given message to the console.</doc>
<status status="PASS" starttime="20220918 23:19:23.351" endtime="20220918 23:19:23.351"/>
</kw>
<kw name="Log To Console" library="BuiltIn">
<arg>/********* AC 2 verify natid masking ****************/</arg>
<doc>Logs the given message to the console.</doc>
<status status="PASS" starttime="20220918 23:19:23.351" endtime="20220918 23:19:23.351"/>
</kw>
<kw name="Check Mask" library="OppenheimerAPIWrapper">
<var>${actual_result}</var>
<arg>${natid_str}</arg>
<msg timestamp="20220918 23:19:23.351" level="INFO">${actual_result} = True</msg>
<status status="PASS" starttime="20220918 23:19:23.351" endtime="20220918 23:19:23.351"/>
</kw>
<kw name="Run Keyword If" library="BuiltIn">
<arg>${actual_result} == True</arg>
<arg>TC4_AC2_Pass_Log</arg>
<arg>ELSE</arg>
<arg>TC4_AC2_Fail_Log</arg>
<doc>Runs the given keyword with the given arguments, if ``condition`` is true.</doc>
<kw name="TC4_AC2_Pass_Log" library="API_keywords">
<kw name="Log To Console" library="BuiltIn">
<arg>....AC2 - The nat id only contains $ from 5th digit Test Pass</arg>
<arg>....</arg>
<arg>&gt;&gt;</arg>
<doc>Logs the given message to the console.</doc>
<status status="PASS" starttime="20220918 23:19:23.352" endtime="20220918 23:19:23.353"/>
</kw>
<status status="PASS" starttime="20220918 23:19:23.352" endtime="20220918 23:19:23.353"/>
</kw>
<status status="PASS" starttime="20220918 23:19:23.352" endtime="20220918 23:19:23.353"/>
</kw>
<kw name="Log To Console" library="BuiltIn">
<arg>/********* AC3, AC4 and AC5 CalculatedTaxRelief ****************/</arg>
<doc>Logs the given message to the console.</doc>
<status status="PASS" starttime="20220918 23:19:23.353" endtime="20220918 23:19:23.353"/>
</kw>
<kw name="Verify Calculated Tax Relief" library="OppenheimerAPIWrapper">
<var>${taxRelief}</var>
<arg>${salary_str}</arg>
<arg>${tax_str}</arg>
<arg>${birthday_str}</arg>
<arg>${gender_str}</arg>
<arg>${reflief_str}</arg>
<msg timestamp="20220918 23:19:23.353" level="INFO">['07', '07', '1994']
40.0
Tax Relief Cal 40.0
Tax relief amount is round-off to 50.00:: 50.0
Calculated tax relief value not matched actual relief amount: 538.00 expected relied amount: 50.0</msg>
<msg timestamp="20220918 23:19:23.353" level="INFO">${taxRelief} = False</msg>
<status status="PASS" starttime="20220918 23:19:23.353" endtime="20220918 23:19:23.353"/>
</kw>
<kw name="Run Keyword If" library="BuiltIn">
<arg>${taxRelief} == True</arg>
<arg>TC4_AC3_Pass_Log</arg>
<arg>ELSE</arg>
<arg>TC4_AC3_Fail_Log</arg>
<doc>Runs the given keyword with the given arguments, if ``condition`` is true.</doc>
<kw name="TC4_AC3_Fail_Log" library="API_keywords">
<kw name="Run Keyword And Continue On Failure" library="BuiltIn">
<arg>Fail</arg>
<arg>&lt;...AC3,AC4 &amp; AC5 -Tax Relief calculation Test case Failed...&gt;</arg>
<doc>Runs the keyword and continues execution even if a failure occurs.</doc>
<kw name="Fail" library="BuiltIn">
<arg>&lt;...AC3,AC4 &amp; AC5 -Tax Relief calculation Test case Failed...&gt;</arg>
<doc>Fails the test with the given message and optionally alters its tags.</doc>
<msg timestamp="20220918 23:19:23.355" level="FAIL">&lt;...AC3,AC4 &amp; AC5 -Tax Relief calculation Test case Failed...&gt;</msg>
<status status="FAIL" starttime="20220918 23:19:23.354" endtime="20220918 23:19:23.355"/>
</kw>
<status status="FAIL" starttime="20220918 23:19:23.354" endtime="20220918 23:19:23.355"/>
</kw>
<status status="FAIL" starttime="20220918 23:19:23.354" endtime="20220918 23:19:23.356"/>
</kw>
<status status="FAIL" starttime="20220918 23:19:23.354" endtime="20220918 23:19:23.356"/>
</kw>
<kw name="Log To Console" library="BuiltIn">
<arg>/********* AC 6 2 digit round round off value ****************/</arg>
<doc>Logs the given message to the console.</doc>
<status status="PASS" starttime="20220918 23:19:23.356" endtime="20220918 23:19:23.357"/>
</kw>
<kw name="Verify Tax Relief Amt Two Decimal Point" library="OppenheimerAPIWrapper">
<var>${actual_result}</var>
<arg>${reflief_str}</arg>
<msg timestamp="20220918 23:19:23.357" level="INFO">538.00</msg>
<msg timestamp="20220918 23:19:23.357" level="INFO">${actual_result} = True</msg>
<status status="PASS" starttime="20220918 23:19:23.357" endtime="20220918 23:19:23.357"/>
</kw>
<kw name="Run Keyword If" library="BuiltIn">
<arg>${actual_result} == True</arg>
<arg>TC4_AC6_Pass_Log</arg>
<arg>ELSE</arg>
<arg>TC4_AC6_Fail_Log</arg>
<doc>Runs the given keyword with the given arguments, if ``condition`` is true.</doc>
<kw name="TC4_AC6_Pass_Log" library="API_keywords">
<kw name="Log To Console" library="BuiltIn">
<arg>..... AC6 Final Tax Relief with 2 digit round off ....Test Pass &gt;&gt;</arg>
<doc>Logs the given message to the console.</doc>
<status status="PASS" starttime="20220918 23:19:23.358" endtime="20220918 23:19:23.358"/>
</kw>
<status status="PASS" starttime="20220918 23:19:23.357" endtime="20220918 23:19:23.358"/>
</kw>
<status status="PASS" starttime="20220918 23:19:23.357" endtime="20220918 23:19:23.358"/>
</kw>
<status status="FAIL" starttime="20220918 23:19:23.348" endtime="20220918 23:19:23.358"/>
</iter>
<iter>
<var name="${i}">{'natid': 'NPHC$$$$$$', 'name': 'Google.M2', 'relief': '544.00'}</var>
<kw name="Set Variable" library="BuiltIn">
<var>${natid_str}</var>
<arg>${i["natid"]}</arg>
<doc>Returns the given values which can then be assigned to a variables.</doc>
<msg timestamp="20220918 23:19:23.359" level="INFO">${natid_str} = NPHC$$$$$$</msg>
<status status="PASS" starttime="20220918 23:19:23.358" endtime="20220918 23:19:23.359"/>
</kw>
<kw name="Set Variable" library="BuiltIn">
<var>${name_str}</var>
<arg>${i["name"]}</arg>
<doc>Returns the given values which can then be assigned to a variables.</doc>
<msg timestamp="20220918 23:19:23.360" level="INFO">${name_str} = Google.M2</msg>
<status status="PASS" starttime="20220918 23:19:23.359" endtime="20220918 23:19:23.360"/>
</kw>
<kw name="Set Variable" library="BuiltIn">
<var>${reflief_str}</var>
<arg>${i["relief"]}</arg>
<doc>Returns the given values which can then be assigned to a variables.</doc>
<msg timestamp="20220918 23:19:23.360" level="INFO">${reflief_str} = 544.00</msg>
<status status="PASS" starttime="20220918 23:19:23.360" endtime="20220918 23:19:23.360"/>
</kw>
<kw name="Set Variable" library="BuiltIn">
<var>${gender_str}</var>
<arg>M</arg>
<doc>Returns the given values which can then be assigned to a variables.</doc>
<msg timestamp="20220918 23:19:23.361" level="INFO">${gender_str} = M</msg>
<status status="PASS" starttime="20220918 23:19:23.360" endtime="20220918 23:19:23.361"/>
</kw>
<kw name="Set Variable" library="BuiltIn">
<var>${salary_str}</var>
<arg>700.00</arg>
<doc>Returns the given values which can then be assigned to a variables.</doc>
<msg timestamp="20220918 23:19:23.361" level="INFO">${salary_str} = 700.00</msg>
<status status="PASS" starttime="20220918 23:19:23.361" endtime="20220918 23:19:23.361"/>
</kw>
<kw name="Set Variable" library="BuiltIn">
<var>${birthday_str}</var>
<arg>07/07/1994</arg>
<doc>Returns the given values which can then be assigned to a variables.</doc>
<msg timestamp="20220918 23:19:23.361" level="INFO">${birthday_str} = 07/07/1994</msg>
<status status="PASS" starttime="20220918 23:19:23.361" endtime="20220918 23:19:23.361"/>
</kw>
<kw name="Set Variable" library="BuiltIn">
<var>${tax_str}</var>
<arg>650.00</arg>
<doc>Returns the given values which can then be assigned to a variables.</doc>
<msg timestamp="20220918 23:19:23.361" level="INFO">${tax_str} = 650.00</msg>
<status status="PASS" starttime="20220918 23:19:23.361" endtime="20220918 23:19:23.361"/>
</kw>
<kw name="Log To Console" library="BuiltIn">
<arg>"-------------------------</arg>
<arg>Test Case AC2 to AC6------------------------------ "</arg>
<doc>Logs the given message to the console.</doc>
<status status="PASS" starttime="20220918 23:19:23.361" endtime="20220918 23:19:23.361"/>
</kw>
<kw name="Log To Console" library="BuiltIn">
<arg>/********* AC 2 verify natid masking ****************/</arg>
<doc>Logs the given message to the console.</doc>
<status status="PASS" starttime="20220918 23:19:23.361" endtime="20220918 23:19:23.362"/>
</kw>
<kw name="Check Mask" library="OppenheimerAPIWrapper">
<var>${actual_result}</var>
<arg>${natid_str}</arg>
<msg timestamp="20220918 23:19:23.362" level="INFO">${actual_result} = True</msg>
<status status="PASS" starttime="20220918 23:19:23.362" endtime="20220918 23:19:23.362"/>
</kw>
<kw name="Run Keyword If" library="BuiltIn">
<arg>${actual_result} == True</arg>
<arg>TC4_AC2_Pass_Log</arg>
<arg>ELSE</arg>
<arg>TC4_AC2_Fail_Log</arg>
<doc>Runs the given keyword with the given arguments, if ``condition`` is true.</doc>
<kw name="TC4_AC2_Pass_Log" library="API_keywords">
<kw name="Log To Console" library="BuiltIn">
<arg>....AC2 - The nat id only contains $ from 5th digit Test Pass</arg>
<arg>....</arg>
<arg>&gt;&gt;</arg>
<doc>Logs the given message to the console.</doc>
<status status="PASS" starttime="20220918 23:19:23.362" endtime="20220918 23:19:23.362"/>
</kw>
<status status="PASS" starttime="20220918 23:19:23.362" endtime="20220918 23:19:23.363"/>
</kw>
<status status="PASS" starttime="20220918 23:19:23.362" endtime="20220918 23:19:23.363"/>
</kw>
<kw name="Log To Console" library="BuiltIn">
<arg>/********* AC3, AC4 and AC5 CalculatedTaxRelief ****************/</arg>
<doc>Logs the given message to the console.</doc>
<status status="PASS" starttime="20220918 23:19:23.363" endtime="20220918 23:19:23.363"/>
</kw>
<kw name="Verify Calculated Tax Relief" library="OppenheimerAPIWrapper">
<var>${taxRelief}</var>
<arg>${salary_str}</arg>
<arg>${tax_str}</arg>
<arg>${birthday_str}</arg>
<arg>${gender_str}</arg>
<arg>${reflief_str}</arg>
<msg timestamp="20220918 23:19:23.363" level="INFO">['07', '07', '1994']
40.0
Tax Relief Cal 40.0
Tax relief amount is round-off to 50.00:: 50.0
Calculated tax relief value not matched actual relief amount: 544.00 expected relied amount: 50.0</msg>
<msg timestamp="20220918 23:19:23.363" level="INFO">${taxRelief} = False</msg>
<status status="PASS" starttime="20220918 23:19:23.363" endtime="20220918 23:19:23.363"/>
</kw>
<kw name="Run Keyword If" library="BuiltIn">
<arg>${taxRelief} == True</arg>
<arg>TC4_AC3_Pass_Log</arg>
<arg>ELSE</arg>
<arg>TC4_AC3_Fail_Log</arg>
<doc>Runs the given keyword with the given arguments, if ``condition`` is true.</doc>
<kw name="TC4_AC3_Fail_Log" library="API_keywords">
<kw name="Run Keyword And Continue On Failure" library="BuiltIn">
<arg>Fail</arg>
<arg>&lt;...AC3,AC4 &amp; AC5 -Tax Relief calculation Test case Failed...&gt;</arg>
<doc>Runs the keyword and continues execution even if a failure occurs.</doc>
<kw name="Fail" library="BuiltIn">
<arg>&lt;...AC3,AC4 &amp; AC5 -Tax Relief calculation Test case Failed...&gt;</arg>
<doc>Fails the test with the given message and optionally alters its tags.</doc>
<msg timestamp="20220918 23:19:23.364" level="FAIL">&lt;...AC3,AC4 &amp; AC5 -Tax Relief calculation Test case Failed...&gt;</msg>
<status status="FAIL" starttime="20220918 23:19:23.363" endtime="20220918 23:19:23.364"/>
</kw>
<status status="FAIL" starttime="20220918 23:19:23.363" endtime="20220918 23:19:23.364"/>
</kw>
<status status="FAIL" starttime="20220918 23:19:23.363" endtime="20220918 23:19:23.364"/>
</kw>
<status status="FAIL" starttime="20220918 23:19:23.363" endtime="20220918 23:19:23.364"/>
</kw>
<kw name="Log To Console" library="BuiltIn">
<arg>/********* AC 6 2 digit round round off value ****************/</arg>
<doc>Logs the given message to the console.</doc>
<status status="PASS" starttime="20220918 23:19:23.364" endtime="20220918 23:19:23.364"/>
</kw>
<kw name="Verify Tax Relief Amt Two Decimal Point" library="OppenheimerAPIWrapper">
<var>${actual_result}</var>
<arg>${reflief_str}</arg>
<msg timestamp="20220918 23:19:23.365" level="INFO">544.00</msg>
<msg timestamp="20220918 23:19:23.365" level="INFO">${actual_result} = True</msg>
<status status="PASS" starttime="20220918 23:19:23.364" endtime="20220918 23:19:23.365"/>
</kw>
<kw name="Run Keyword If" library="BuiltIn">
<arg>${actual_result} == True</arg>
<arg>TC4_AC6_Pass_Log</arg>
<arg>ELSE</arg>
<arg>TC4_AC6_Fail_Log</arg>
<doc>Runs the given keyword with the given arguments, if ``condition`` is true.</doc>
<kw name="TC4_AC6_Pass_Log" library="API_keywords">
<kw name="Log To Console" library="BuiltIn">
<arg>..... AC6 Final Tax Relief with 2 digit round off ....Test Pass &gt;&gt;</arg>
<doc>Logs the given message to the console.</doc>
<status status="PASS" starttime="20220918 23:19:23.365" endtime="20220918 23:19:23.365"/>
</kw>
<status status="PASS" starttime="20220918 23:19:23.365" endtime="20220918 23:19:23.365"/>
</kw>
<status status="PASS" starttime="20220918 23:19:23.365" endtime="20220918 23:19:23.365"/>
</kw>
<status status="FAIL" starttime="20220918 23:19:23.358" endtime="20220918 23:19:23.365"/>
</iter>
<iter>
<var name="${i}">{'natid': 'NPHC$$$$$$', 'name': 'Google.S1', 'relief': '50.00'}</var>
<kw name="Set Variable" library="BuiltIn">
<var>${natid_str}</var>
<arg>${i["natid"]}</arg>
<doc>Returns the given values which can then be assigned to a variables.</doc>
<msg timestamp="20220918 23:19:23.366" level="INFO">${natid_str} = NPHC$$$$$$</msg>
<status status="PASS" starttime="20220918 23:19:23.366" endtime="20220918 23:19:23.366"/>
</kw>
<kw name="Set Variable" library="BuiltIn">
<var>${name_str}</var>
<arg>${i["name"]}</arg>
<doc>Returns the given values which can then be assigned to a variables.</doc>
<msg timestamp="20220918 23:19:23.366" level="INFO">${name_str} = Google.S1</msg>
<status status="PASS" starttime="20220918 23:19:23.366" endtime="20220918 23:19:23.366"/>
</kw>
<kw name="Set Variable" library="BuiltIn">
<var>${reflief_str}</var>
<arg>${i["relief"]}</arg>
<doc>Returns the given values which can then be assigned to a variables.</doc>
<msg timestamp="20220918 23:19:23.367" level="INFO">${reflief_str} = 50.00</msg>
<status status="PASS" starttime="20220918 23:19:23.366" endtime="20220918 23:19:23.367"/>
</kw>
<kw name="Set Variable" library="BuiltIn">
<var>${gender_str}</var>
<arg>M</arg>
<doc>Returns the given values which can then be assigned to a variables.</doc>
<msg timestamp="20220918 23:19:23.367" level="INFO">${gender_str} = M</msg>
<status status="PASS" starttime="20220918 23:19:23.367" endtime="20220918 23:19:23.367"/>
</kw>
<kw name="Set Variable" library="BuiltIn">
<var>${salary_str}</var>
<arg>700.00</arg>
<doc>Returns the given values which can then be assigned to a variables.</doc>
<msg timestamp="20220918 23:19:23.367" level="INFO">${salary_str} = 700.00</msg>
<status status="PASS" starttime="20220918 23:19:23.367" endtime="20220918 23:19:23.367"/>
</kw>
<kw name="Set Variable" library="BuiltIn">
<var>${birthday_str}</var>
<arg>07/07/1994</arg>
<doc>Returns the given values which can then be assigned to a variables.</doc>
<msg timestamp="20220918 23:19:23.367" level="INFO">${birthday_str} = 07/07/1994</msg>
<status status="PASS" starttime="20220918 23:19:23.367" endtime="20220918 23:19:23.367"/>
</kw>
<kw name="Set Variable" library="BuiltIn">
<var>${tax_str}</var>
<arg>650.00</arg>
<doc>Returns the given values which can then be assigned to a variables.</doc>
<msg timestamp="20220918 23:19:23.367" level="INFO">${tax_str} = 650.00</msg>
<status status="PASS" starttime="20220918 23:19:23.367" endtime="20220918 23:19:23.367"/>
</kw>
<kw name="Log To Console" library="BuiltIn">
<arg>"-------------------------</arg>
<arg>Test Case AC2 to AC6------------------------------ "</arg>
<doc>Logs the given message to the console.</doc>
<status status="PASS" starttime="20220918 23:19:23.367" endtime="20220918 23:19:23.368"/>
</kw>
<kw name="Log To Console" library="BuiltIn">
<arg>/********* AC 2 verify natid masking ****************/</arg>
<doc>Logs the given message to the console.</doc>
<status status="PASS" starttime="20220918 23:19:23.368" endtime="20220918 23:19:23.368"/>
</kw>
<kw name="Check Mask" library="OppenheimerAPIWrapper">
<var>${actual_result}</var>
<arg>${natid_str}</arg>
<msg timestamp="20220918 23:19:23.368" level="INFO">${actual_result} = True</msg>
<status status="PASS" starttime="20220918 23:19:23.368" endtime="20220918 23:19:23.368"/>
</kw>
<kw name="Run Keyword If" library="BuiltIn">
<arg>${actual_result} == True</arg>
<arg>TC4_AC2_Pass_Log</arg>
<arg>ELSE</arg>
<arg>TC4_AC2_Fail_Log</arg>
<doc>Runs the given keyword with the given arguments, if ``condition`` is true.</doc>
<kw name="TC4_AC2_Pass_Log" library="API_keywords">
<kw name="Log To Console" library="BuiltIn">
<arg>....AC2 - The nat id only contains $ from 5th digit Test Pass</arg>
<arg>....</arg>
<arg>&gt;&gt;</arg>
<doc>Logs the given message to the console.</doc>
<status status="PASS" starttime="20220918 23:19:23.368" endtime="20220918 23:19:23.368"/>
</kw>
<status status="PASS" starttime="20220918 23:19:23.368" endtime="20220918 23:19:23.368"/>
</kw>
<status status="PASS" starttime="20220918 23:19:23.368" endtime="20220918 23:19:23.368"/>
</kw>
<kw name="Log To Console" library="BuiltIn">
<arg>/********* AC3, AC4 and AC5 CalculatedTaxRelief ****************/</arg>
<doc>Logs the given message to the console.</doc>
<status status="PASS" starttime="20220918 23:19:23.369" endtime="20220918 23:19:23.369"/>
</kw>
<kw name="Verify Calculated Tax Relief" library="OppenheimerAPIWrapper">
<var>${taxRelief}</var>
<arg>${salary_str}</arg>
<arg>${tax_str}</arg>
<arg>${birthday_str}</arg>
<arg>${gender_str}</arg>
<arg>${reflief_str}</arg>
<msg timestamp="20220918 23:19:23.369" level="INFO">['07', '07', '1994']
40.0
Tax Relief Cal 40.0
Tax relief amount is round-off to 50.00:: 50.0
Calculated tax relief value matched actual relief amount: 50.00 expected relied amount: 50.0</msg>
<msg timestamp="20220918 23:19:23.369" level="INFO">${taxRelief} = True</msg>
<status status="PASS" starttime="20220918 23:19:23.369" endtime="20220918 23:19:23.369"/>
</kw>
<kw name="Run Keyword If" library="BuiltIn">
<arg>${taxRelief} == True</arg>
<arg>TC4_AC3_Pass_Log</arg>
<arg>ELSE</arg>
<arg>TC4_AC3_Fail_Log</arg>
<doc>Runs the given keyword with the given arguments, if ``condition`` is true.</doc>
<kw name="TC4_AC3_Pass_Log" library="API_keywords">
<kw name="Log To Console" library="BuiltIn">
<arg>.... AC3,AC4 &amp; AC5 - Tax Relief calculation Test Pass ....</arg>
<arg>&gt;&gt;</arg>
<doc>Logs the given message to the console.</doc>
<status status="PASS" starttime="20220918 23:19:23.369" endtime="20220918 23:19:23.369"/>
</kw>
<status status="PASS" starttime="20220918 23:19:23.369" endtime="20220918 23:19:23.370"/>
</kw>
<status status="PASS" starttime="20220918 23:19:23.369" endtime="20220918 23:19:23.370"/>
</kw>
<kw name="Log To Console" library="BuiltIn">
<arg>/********* AC 6 2 digit round round off value ****************/</arg>
<doc>Logs the given message to the console.</doc>
<status status="PASS" starttime="20220918 23:19:23.370" endtime="20220918 23:19:23.370"/>
</kw>
<kw name="Verify Tax Relief Amt Two Decimal Point" library="OppenheimerAPIWrapper">
<var>${actual_result}</var>
<arg>${reflief_str}</arg>
<msg timestamp="20220918 23:19:23.370" level="INFO">50.00</msg>
<msg timestamp="20220918 23:19:23.370" level="INFO">${actual_result} = True</msg>
<status status="PASS" starttime="20220918 23:19:23.370" endtime="20220918 23:19:23.370"/>
</kw>
<kw name="Run Keyword If" library="BuiltIn">
<arg>${actual_result} == True</arg>
<arg>TC4_AC6_Pass_Log</arg>
<arg>ELSE</arg>
<arg>TC4_AC6_Fail_Log</arg>
<doc>Runs the given keyword with the given arguments, if ``condition`` is true.</doc>
<kw name="TC4_AC6_Pass_Log" library="API_keywords">
<kw name="Log To Console" library="BuiltIn">
<arg>..... AC6 Final Tax Relief with 2 digit round off ....Test Pass &gt;&gt;</arg>
<doc>Logs the given message to the console.</doc>
<status status="PASS" starttime="20220918 23:19:23.370" endtime="20220918 23:19:23.370"/>
</kw>
<status status="PASS" starttime="20220918 23:19:23.370" endtime="20220918 23:19:23.370"/>
</kw>
<status status="PASS" starttime="20220918 23:19:23.370" endtime="20220918 23:19:23.370"/>
</kw>
<status status="PASS" starttime="20220918 23:19:23.365" endtime="20220918 23:19:23.370"/>
</iter>
<iter>
<var name="${i}">{'natid': 'NPHC$$$$$$', 'name': 'Google.M1', 'relief': '538.00'}</var>
<kw name="Set Variable" library="BuiltIn">
<var>${natid_str}</var>
<arg>${i["natid"]}</arg>
<doc>Returns the given values which can then be assigned to a variables.</doc>
<msg timestamp="20220918 23:19:23.371" level="INFO">${natid_str} = NPHC$$$$$$</msg>
<status status="PASS" starttime="20220918 23:19:23.371" endtime="20220918 23:19:23.371"/>
</kw>
<kw name="Set Variable" library="BuiltIn">
<var>${name_str}</var>
<arg>${i["name"]}</arg>
<doc>Returns the given values which can then be assigned to a variables.</doc>
<msg timestamp="20220918 23:19:23.371" level="INFO">${name_str} = Google.M1</msg>
<status status="PASS" starttime="20220918 23:19:23.371" endtime="20220918 23:19:23.371"/>
</kw>
<kw name="Set Variable" library="BuiltIn">
<var>${reflief_str}</var>
<arg>${i["relief"]}</arg>
<doc>Returns the given values which can then be assigned to a variables.</doc>
<msg timestamp="20220918 23:19:23.372" level="INFO">${reflief_str} = 538.00</msg>
<status status="PASS" starttime="20220918 23:19:23.371" endtime="20220918 23:19:23.372"/>
</kw>
<kw name="Set Variable" library="BuiltIn">
<var>${gender_str}</var>
<arg>M</arg>
<doc>Returns the given values which can then be assigned to a variables.</doc>
<msg timestamp="20220918 23:19:23.372" level="INFO">${gender_str} = M</msg>
<status status="PASS" starttime="20220918 23:19:23.372" endtime="20220918 23:19:23.372"/>
</kw>
<kw name="Set Variable" library="BuiltIn">
<var>${salary_str}</var>
<arg>700.00</arg>
<doc>Returns the given values which can then be assigned to a variables.</doc>
<msg timestamp="20220918 23:19:23.372" level="INFO">${salary_str} = 700.00</msg>
<status status="PASS" starttime="20220918 23:19:23.372" endtime="20220918 23:19:23.372"/>
</kw>
<kw name="Set Variable" library="BuiltIn">
<var>${birthday_str}</var>
<arg>07/07/1994</arg>
<doc>Returns the given values which can then be assigned to a variables.</doc>
<msg timestamp="20220918 23:19:23.372" level="INFO">${birthday_str} = 07/07/1994</msg>
<status status="PASS" starttime="20220918 23:19:23.372" endtime="20220918 23:19:23.372"/>
</kw>
<kw name="Set Variable" library="BuiltIn">
<var>${tax_str}</var>
<arg>650.00</arg>
<doc>Returns the given values which can then be assigned to a variables.</doc>
<msg timestamp="20220918 23:19:23.372" level="INFO">${tax_str} = 650.00</msg>
<status status="PASS" starttime="20220918 23:19:23.372" endtime="20220918 23:19:23.372"/>
</kw>
<kw name="Log To Console" library="BuiltIn">
<arg>"-------------------------</arg>
<arg>Test Case AC2 to AC6------------------------------ "</arg>
<doc>Logs the given message to the console.</doc>
<status status="PASS" starttime="20220918 23:19:23.372" endtime="20220918 23:19:23.373"/>
</kw>
<kw name="Log To Console" library="BuiltIn">
<arg>/********* AC 2 verify natid masking ****************/</arg>
<doc>Logs the given message to the console.</doc>
<status status="PASS" starttime="20220918 23:19:23.373" endtime="20220918 23:19:23.373"/>
</kw>
<kw name="Check Mask" library="OppenheimerAPIWrapper">
<var>${actual_result}</var>
<arg>${natid_str}</arg>
<msg timestamp="20220918 23:19:23.373" level="INFO">${actual_result} = True</msg>
<status status="PASS" starttime="20220918 23:19:23.373" endtime="20220918 23:19:23.373"/>
</kw>
<kw name="Run Keyword If" library="BuiltIn">
<arg>${actual_result} == True</arg>
<arg>TC4_AC2_Pass_Log</arg>
<arg>ELSE</arg>
<arg>TC4_AC2_Fail_Log</arg>
<doc>Runs the given keyword with the given arguments, if ``condition`` is true.</doc>
<kw name="TC4_AC2_Pass_Log" library="API_keywords">
<kw name="Log To Console" library="BuiltIn">
<arg>....AC2 - The nat id only contains $ from 5th digit Test Pass</arg>
<arg>....</arg>
<arg>&gt;&gt;</arg>
<doc>Logs the given message to the console.</doc>
<status status="PASS" starttime="20220918 23:19:23.373" endtime="20220918 23:19:23.373"/>
</kw>
<status status="PASS" starttime="20220918 23:19:23.373" endtime="20220918 23:19:23.373"/>
</kw>
<status status="PASS" starttime="20220918 23:19:23.373" endtime="20220918 23:19:23.373"/>
</kw>
<kw name="Log To Console" library="BuiltIn">
<arg>/********* AC3, AC4 and AC5 CalculatedTaxRelief ****************/</arg>
<doc>Logs the given message to the console.</doc>
<status status="PASS" starttime="20220918 23:19:23.374" endtime="20220918 23:19:23.374"/>
</kw>
<kw name="Verify Calculated Tax Relief" library="OppenheimerAPIWrapper">
<var>${taxRelief}</var>
<arg>${salary_str}</arg>
<arg>${tax_str}</arg>
<arg>${birthday_str}</arg>
<arg>${gender_str}</arg>
<arg>${reflief_str}</arg>
<msg timestamp="20220918 23:19:23.374" level="INFO">['07', '07', '1994']
40.0
Tax Relief Cal 40.0
Tax relief amount is round-off to 50.00:: 50.0
Calculated tax relief value not matched actual relief amount: 538.00 expected relied amount: 50.0</msg>
<msg timestamp="20220918 23:19:23.374" level="INFO">${taxRelief} = False</msg>
<status status="PASS" starttime="20220918 23:19:23.374" endtime="20220918 23:19:23.374"/>
</kw>
<kw name="Run Keyword If" library="BuiltIn">
<arg>${taxRelief} == True</arg>
<arg>TC4_AC3_Pass_Log</arg>
<arg>ELSE</arg>
<arg>TC4_AC3_Fail_Log</arg>
<doc>Runs the given keyword with the given arguments, if ``condition`` is true.</doc>
<kw name="TC4_AC3_Fail_Log" library="API_keywords">
<kw name="Run Keyword And Continue On Failure" library="BuiltIn">
<arg>Fail</arg>
<arg>&lt;...AC3,AC4 &amp; AC5 -Tax Relief calculation Test case Failed...&gt;</arg>
<doc>Runs the keyword and continues execution even if a failure occurs.</doc>
<kw name="Fail" library="BuiltIn">
<arg>&lt;...AC3,AC4 &amp; AC5 -Tax Relief calculation Test case Failed...&gt;</arg>
<doc>Fails the test with the given message and optionally alters its tags.</doc>
<msg timestamp="20220918 23:19:23.375" level="FAIL">&lt;...AC3,AC4 &amp; AC5 -Tax Relief calculation Test case Failed...&gt;</msg>
<status status="FAIL" starttime="20220918 23:19:23.374" endtime="20220918 23:19:23.375"/>
</kw>
<status status="FAIL" starttime="20220918 23:19:23.374" endtime="20220918 23:19:23.375"/>
</kw>
<status status="FAIL" starttime="20220918 23:19:23.374" endtime="20220918 23:19:23.376"/>
</kw>
<status status="FAIL" starttime="20220918 23:19:23.374" endtime="20220918 23:19:23.376"/>
</kw>
<kw name="Log To Console" library="BuiltIn">
<arg>/********* AC 6 2 digit round round off value ****************/</arg>
<doc>Logs the given message to the console.</doc>
<status status="PASS" starttime="20220918 23:19:23.376" endtime="20220918 23:19:23.376"/>
</kw>
<kw name="Verify Tax Relief Amt Two Decimal Point" library="OppenheimerAPIWrapper">
<var>${actual_result}</var>
<arg>${reflief_str}</arg>
<msg timestamp="20220918 23:19:23.376" level="INFO">538.00</msg>
<msg timestamp="20220918 23:19:23.376" level="INFO">${actual_result} = True</msg>
<status status="PASS" starttime="20220918 23:19:23.376" endtime="20220918 23:19:23.376"/>
</kw>
<kw name="Run Keyword If" library="BuiltIn">
<arg>${actual_result} == True</arg>
<arg>TC4_AC6_Pass_Log</arg>
<arg>ELSE</arg>
<arg>TC4_AC6_Fail_Log</arg>
<doc>Runs the given keyword with the given arguments, if ``condition`` is true.</doc>
<kw name="TC4_AC6_Pass_Log" library="API_keywords">
<kw name="Log To Console" library="BuiltIn">
<arg>..... AC6 Final Tax Relief with 2 digit round off ....Test Pass &gt;&gt;</arg>
<doc>Logs the given message to the console.</doc>
<status status="PASS" starttime="20220918 23:19:23.376" endtime="20220918 23:19:23.376"/>
</kw>
<status status="PASS" starttime="20220918 23:19:23.376" endtime="20220918 23:19:23.377"/>
</kw>
<status status="PASS" starttime="20220918 23:19:23.376" endtime="20220918 23:19:23.377"/>
</kw>
<status status="FAIL" starttime="20220918 23:19:23.370" endtime="20220918 23:19:23.377"/>
</iter>
<iter>
<var name="${i}">{'natid': 'NPHC$$$$$$', 'name': 'Google.M2', 'relief': '544.00'}</var>
<kw name="Set Variable" library="BuiltIn">
<var>${natid_str}</var>
<arg>${i["natid"]}</arg>
<doc>Returns the given values which can then be assigned to a variables.</doc>
<msg timestamp="20220918 23:19:23.377" level="INFO">${natid_str} = NPHC$$$$$$</msg>
<status status="PASS" starttime="20220918 23:19:23.377" endtime="20220918 23:19:23.377"/>
</kw>
<kw name="Set Variable" library="BuiltIn">
<var>${name_str}</var>
<arg>${i["name"]}</arg>
<doc>Returns the given values which can then be assigned to a variables.</doc>
<msg timestamp="20220918 23:19:23.378" level="INFO">${name_str} = Google.M2</msg>
<status status="PASS" starttime="20220918 23:19:23.377" endtime="20220918 23:19:23.378"/>
</kw>
<kw name="Set Variable" library="BuiltIn">
<var>${reflief_str}</var>
<arg>${i["relief"]}</arg>
<doc>Returns the given values which can then be assigned to a variables.</doc>
<msg timestamp="20220918 23:19:23.378" level="INFO">${reflief_str} = 544.00</msg>
<status status="PASS" starttime="20220918 23:19:23.378" endtime="20220918 23:19:23.378"/>
</kw>
<kw name="Set Variable" library="BuiltIn">
<var>${gender_str}</var>
<arg>M</arg>
<doc>Returns the given values which can then be assigned to a variables.</doc>
<msg timestamp="20220918 23:19:23.378" level="INFO">${gender_str} = M</msg>
<status status="PASS" starttime="20220918 23:19:23.378" endtime="20220918 23:19:23.378"/>
</kw>
<kw name="Set Variable" library="BuiltIn">
<var>${salary_str}</var>
<arg>700.00</arg>
<doc>Returns the given values which can then be assigned to a variables.</doc>
<msg timestamp="20220918 23:19:23.378" level="INFO">${salary_str} = 700.00</msg>
<status status="PASS" starttime="20220918 23:19:23.378" endtime="20220918 23:19:23.378"/>
</kw>
<kw name="Set Variable" library="BuiltIn">
<var>${birthday_str}</var>
<arg>07/07/1994</arg>
<doc>Returns the given values which can then be assigned to a variables.</doc>
<msg timestamp="20220918 23:19:23.378" level="INFO">${birthday_str} = 07/07/1994</msg>
<status status="PASS" starttime="20220918 23:19:23.378" endtime="20220918 23:19:23.378"/>
</kw>
<kw name="Set Variable" library="BuiltIn">
<var>${tax_str}</var>
<arg>650.00</arg>
<doc>Returns the given values which can then be assigned to a variables.</doc>
<msg timestamp="20220918 23:19:23.379" level="INFO">${tax_str} = 650.00</msg>
<status status="PASS" starttime="20220918 23:19:23.378" endtime="20220918 23:19:23.379"/>
</kw>
<kw name="Log To Console" library="BuiltIn">
<arg>"-------------------------</arg>
<arg>Test Case AC2 to AC6------------------------------ "</arg>
<doc>Logs the given message to the console.</doc>
<status status="PASS" starttime="20220918 23:19:23.379" endtime="20220918 23:19:23.379"/>
</kw>
<kw name="Log To Console" library="BuiltIn">
<arg>/********* AC 2 verify natid masking ****************/</arg>
<doc>Logs the given message to the console.</doc>
<status status="PASS" starttime="20220918 23:19:23.379" endtime="20220918 23:19:23.379"/>
</kw>
<kw name="Check Mask" library="OppenheimerAPIWrapper">
<var>${actual_result}</var>
<arg>${natid_str}</arg>
<msg timestamp="20220918 23:19:23.379" level="INFO">${actual_result} = True</msg>
<status status="PASS" starttime="20220918 23:19:23.379" endtime="20220918 23:19:23.379"/>
</kw>
<kw name="Run Keyword If" library="BuiltIn">
<arg>${actual_result} == True</arg>
<arg>TC4_AC2_Pass_Log</arg>
<arg>ELSE</arg>
<arg>TC4_AC2_Fail_Log</arg>
<doc>Runs the given keyword with the given arguments, if ``condition`` is true.</doc>
<kw name="TC4_AC2_Pass_Log" library="API_keywords">
<kw name="Log To Console" library="BuiltIn">
<arg>....AC2 - The nat id only contains $ from 5th digit Test Pass</arg>
<arg>....</arg>
<arg>&gt;&gt;</arg>
<doc>Logs the given message to the console.</doc>
<status status="PASS" starttime="20220918 23:19:23.379" endtime="20220918 23:19:23.379"/>
</kw>
<status status="PASS" starttime="20220918 23:19:23.379" endtime="20220918 23:19:23.379"/>
</kw>
<status status="PASS" starttime="20220918 23:19:23.379" endtime="20220918 23:19:23.379"/>
</kw>
<kw name="Log To Console" library="BuiltIn">
<arg>/********* AC3, AC4 and AC5 CalculatedTaxRelief ****************/</arg>
<doc>Logs the given message to the console.</doc>
<status status="PASS" starttime="20220918 23:19:23.380" endtime="20220918 23:19:23.380"/>
</kw>
<kw name="Verify Calculated Tax Relief" library="OppenheimerAPIWrapper">
<var>${taxRelief}</var>
<arg>${salary_str}</arg>
<arg>${tax_str}</arg>
<arg>${birthday_str}</arg>
<arg>${gender_str}</arg>
<arg>${reflief_str}</arg>
<msg timestamp="20220918 23:19:23.380" level="INFO">['07', '07', '1994']
40.0
Tax Relief Cal 40.0
Tax relief amount is round-off to 50.00:: 50.0
Calculated tax relief value not matched actual relief amount: 544.00 expected relied amount: 50.0</msg>
<msg timestamp="20220918 23:19:23.380" level="INFO">${taxRelief} = False</msg>
<status status="PASS" starttime="20220918 23:19:23.380" endtime="20220918 23:19:23.380"/>
</kw>
<kw name="Run Keyword If" library="BuiltIn">
<arg>${taxRelief} == True</arg>
<arg>TC4_AC3_Pass_Log</arg>
<arg>ELSE</arg>
<arg>TC4_AC3_Fail_Log</arg>
<doc>Runs the given keyword with the given arguments, if ``condition`` is true.</doc>
<kw name="TC4_AC3_Fail_Log" library="API_keywords">
<kw name="Run Keyword And Continue On Failure" library="BuiltIn">
<arg>Fail</arg>
<arg>&lt;...AC3,AC4 &amp; AC5 -Tax Relief calculation Test case Failed...&gt;</arg>
<doc>Runs the keyword and continues execution even if a failure occurs.</doc>
<kw name="Fail" library="BuiltIn">
<arg>&lt;...AC3,AC4 &amp; AC5 -Tax Relief calculation Test case Failed...&gt;</arg>
<doc>Fails the test with the given message and optionally alters its tags.</doc>
<msg timestamp="20220918 23:19:23.381" level="FAIL">&lt;...AC3,AC4 &amp; AC5 -Tax Relief calculation Test case Failed...&gt;</msg>
<status status="FAIL" starttime="20220918 23:19:23.380" endtime="20220918 23:19:23.381"/>
</kw>
<status status="FAIL" starttime="20220918 23:19:23.380" endtime="20220918 23:19:23.381"/>
</kw>
<status status="FAIL" starttime="20220918 23:19:23.380" endtime="20220918 23:19:23.381"/>
</kw>
<status status="FAIL" starttime="20220918 23:19:23.380" endtime="20220918 23:19:23.381"/>
</kw>
<kw name="Log To Console" library="BuiltIn">
<arg>/********* AC 6 2 digit round round off value ****************/</arg>
<doc>Logs the given message to the console.</doc>
<status status="PASS" starttime="20220918 23:19:23.381" endtime="20220918 23:19:23.381"/>
</kw>
<kw name="Verify Tax Relief Amt Two Decimal Point" library="OppenheimerAPIWrapper">
<var>${actual_result}</var>
<arg>${reflief_str}</arg>
<msg timestamp="20220918 23:19:23.381" level="INFO">544.00</msg>
<msg timestamp="20220918 23:19:23.381" level="INFO">${actual_result} = True</msg>
<status status="PASS" starttime="20220918 23:19:23.381" endtime="20220918 23:19:23.381"/>
</kw>
<kw name="Run Keyword If" library="BuiltIn">
<arg>${actual_result} == True</arg>
<arg>TC4_AC6_Pass_Log</arg>
<arg>ELSE</arg>
<arg>TC4_AC6_Fail_Log</arg>
<doc>Runs the given keyword with the given arguments, if ``condition`` is true.</doc>
<kw name="TC4_AC6_Pass_Log" library="API_keywords">
<kw name="Log To Console" library="BuiltIn">
<arg>..... AC6 Final Tax Relief with 2 digit round off ....Test Pass &gt;&gt;</arg>
<doc>Logs the given message to the console.</doc>
<status status="PASS" starttime="20220918 23:19:23.397" endtime="20220918 23:19:23.397"/>
</kw>
<status status="PASS" starttime="20220918 23:19:23.382" endtime="20220918 23:19:23.397"/>
</kw>
<status status="PASS" starttime="20220918 23:19:23.381" endtime="20220918 23:19:23.397"/>
</kw>
<status status="FAIL" starttime="20220918 23:19:23.377" endtime="20220918 23:19:23.397"/>
</iter>
<iter>
<var name="${i}">{'natid': 'NPHC$$$$$$', 'name': 'Google.S1', 'relief': '50.00'}</var>
<kw name="Set Variable" library="BuiltIn">
<var>${natid_str}</var>
<arg>${i["natid"]}</arg>
<doc>Returns the given values which can then be assigned to a variables.</doc>
<msg timestamp="20220918 23:19:23.398" level="INFO">${natid_str} = NPHC$$$$$$</msg>
<status status="PASS" starttime="20220918 23:19:23.397" endtime="20220918 23:19:23.398"/>
</kw>
<kw name="Set Variable" library="BuiltIn">
<var>${name_str}</var>
<arg>${i["name"]}</arg>
<doc>Returns the given values which can then be assigned to a variables.</doc>
<msg timestamp="20220918 23:19:23.398" level="INFO">${name_str} = Google.S1</msg>
<status status="PASS" starttime="20220918 23:19:23.398" endtime="20220918 23:19:23.398"/>
</kw>
<kw name="Set Variable" library="BuiltIn">
<var>${reflief_str}</var>
<arg>${i["relief"]}</arg>
<doc>Returns the given values which can then be assigned to a variables.</doc>
<msg timestamp="20220918 23:19:23.399" level="INFO">${reflief_str} = 50.00</msg>
<status status="PASS" starttime="20220918 23:19:23.398" endtime="20220918 23:19:23.399"/>
</kw>
<kw name="Set Variable" library="BuiltIn">
<var>${gender_str}</var>
<arg>M</arg>
<doc>Returns the given values which can then be assigned to a variables.</doc>
<msg timestamp="20220918 23:19:23.399" level="INFO">${gender_str} = M</msg>
<status status="PASS" starttime="20220918 23:19:23.399" endtime="20220918 23:19:23.399"/>
</kw>
<kw name="Set Variable" library="BuiltIn">
<var>${salary_str}</var>
<arg>700.00</arg>
<doc>Returns the given values which can then be assigned to a variables.</doc>
<msg timestamp="20220918 23:19:23.399" level="INFO">${salary_str} = 700.00</msg>
<status status="PASS" starttime="20220918 23:19:23.399" endtime="20220918 23:19:23.399"/>
</kw>
<kw name="Set Variable" library="BuiltIn">
<var>${birthday_str}</var>
<arg>07/07/1994</arg>
<doc>Returns the given values which can then be assigned to a variables.</doc>
<msg timestamp="20220918 23:19:23.399" level="INFO">${birthday_str} = 07/07/1994</msg>
<status status="PASS" starttime="20220918 23:19:23.399" endtime="20220918 23:19:23.399"/>
</kw>
<kw name="Set Variable" library="BuiltIn">
<var>${tax_str}</var>
<arg>650.00</arg>
<doc>Returns the given values which can then be assigned to a variables.</doc>
<msg timestamp="20220918 23:19:23.399" level="INFO">${tax_str} = 650.00</msg>
<status status="PASS" starttime="20220918 23:19:23.399" endtime="20220918 23:19:23.399"/>
</kw>
<kw name="Log To Console" library="BuiltIn">
<arg>"-------------------------</arg>
<arg>Test Case AC2 to AC6------------------------------ "</arg>
<doc>Logs the given message to the console.</doc>
<status status="PASS" starttime="20220918 23:19:23.399" endtime="20220918 23:19:23.400"/>
</kw>
<kw name="Log To Console" library="BuiltIn">
<arg>/********* AC 2 verify natid masking ****************/</arg>
<doc>Logs the given message to the console.</doc>
<status status="PASS" starttime="20220918 23:19:23.400" endtime="20220918 23:19:23.400"/>
</kw>
<kw name="Check Mask" library="OppenheimerAPIWrapper">
<var>${actual_result}</var>
<arg>${natid_str}</arg>
<msg timestamp="20220918 23:19:23.400" level="INFO">${actual_result} = True</msg>
<status status="PASS" starttime="20220918 23:19:23.400" endtime="20220918 23:19:23.400"/>
</kw>
<kw name="Run Keyword If" library="BuiltIn">
<arg>${actual_result} == True</arg>
<arg>TC4_AC2_Pass_Log</arg>
<arg>ELSE</arg>
<arg>TC4_AC2_Fail_Log</arg>
<doc>Runs the given keyword with the given arguments, if ``condition`` is true.</doc>
<kw name="TC4_AC2_Pass_Log" library="API_keywords">
<kw name="Log To Console" library="BuiltIn">
<arg>....AC2 - The nat id only contains $ from 5th digit Test Pass</arg>
<arg>....</arg>
<arg>&gt;&gt;</arg>
<doc>Logs the given message to the console.</doc>
<status status="PASS" starttime="20220918 23:19:23.400" endtime="20220918 23:19:23.401"/>
</kw>
<status status="PASS" starttime="20220918 23:19:23.400" endtime="20220918 23:19:23.401"/>
</kw>
<status status="PASS" starttime="20220918 23:19:23.400" endtime="20220918 23:19:23.401"/>
</kw>
<kw name="Log To Console" library="BuiltIn">
<arg>/********* AC3, AC4 and AC5 CalculatedTaxRelief ****************/</arg>
<doc>Logs the given message to the console.</doc>
<status status="PASS" starttime="20220918 23:19:23.401" endtime="20220918 23:19:23.401"/>
</kw>
<kw name="Verify Calculated Tax Relief" library="OppenheimerAPIWrapper">
<var>${taxRelief}</var>
<arg>${salary_str}</arg>
<arg>${tax_str}</arg>
<arg>${birthday_str}</arg>
<arg>${gender_str}</arg>
<arg>${reflief_str}</arg>
<msg timestamp="20220918 23:19:23.401" level="INFO">['07', '07', '1994']
40.0
Tax Relief Cal 40.0
Tax relief amount is round-off to 50.00:: 50.0
Calculated tax relief value matched actual relief amount: 50.00 expected relied amount: 50.0</msg>
<msg timestamp="20220918 23:19:23.401" level="INFO">${taxRelief} = True</msg>
<status status="PASS" starttime="20220918 23:19:23.401" endtime="20220918 23:19:23.401"/>
</kw>
<kw name="Run Keyword If" library="BuiltIn">
<arg>${taxRelief} == True</arg>
<arg>TC4_AC3_Pass_Log</arg>
<arg>ELSE</arg>
<arg>TC4_AC3_Fail_Log</arg>
<doc>Runs the given keyword with the given arguments, if ``condition`` is true.</doc>
<kw name="TC4_AC3_Pass_Log" library="API_keywords">
<kw name="Log To Console" library="BuiltIn">
<arg>.... AC3,AC4 &amp; AC5 - Tax Relief calculation Test Pass ....</arg>
<arg>&gt;&gt;</arg>
<doc>Logs the given message to the console.</doc>
<status status="PASS" starttime="20220918 23:19:23.401" endtime="20220918 23:19:23.402"/>
</kw>
<status status="PASS" starttime="20220918 23:19:23.401" endtime="20220918 23:19:23.402"/>
</kw>
<status status="PASS" starttime="20220918 23:19:23.401" endtime="20220918 23:19:23.402"/>
</kw>
<kw name="Log To Console" library="BuiltIn">
<arg>/********* AC 6 2 digit round round off value ****************/</arg>
<doc>Logs the given message to the console.</doc>
<status status="PASS" starttime="20220918 23:19:23.402" endtime="20220918 23:19:23.402"/>
</kw>
<kw name="Verify Tax Relief Amt Two Decimal Point" library="OppenheimerAPIWrapper">
<var>${actual_result}</var>
<arg>${reflief_str}</arg>
<msg timestamp="20220918 23:19:23.402" level="INFO">50.00</msg>
<msg timestamp="20220918 23:19:23.403" level="INFO">${actual_result} = True</msg>
<status status="PASS" starttime="20220918 23:19:23.402" endtime="20220918 23:19:23.403"/>
</kw>
<kw name="Run Keyword If" library="BuiltIn">
<arg>${actual_result} == True</arg>
<arg>TC4_AC6_Pass_Log</arg>
<arg>ELSE</arg>
<arg>TC4_AC6_Fail_Log</arg>
<doc>Runs the given keyword with the given arguments, if ``condition`` is true.</doc>
<kw name="TC4_AC6_Pass_Log" library="API_keywords">
<kw name="Log To Console" library="BuiltIn">
<arg>..... AC6 Final Tax Relief with 2 digit round off ....Test Pass &gt;&gt;</arg>
<doc>Logs the given message to the console.</doc>
<status status="PASS" starttime="20220918 23:19:23.403" endtime="20220918 23:19:23.403"/>
</kw>
<status status="PASS" starttime="20220918 23:19:23.403" endtime="20220918 23:19:23.403"/>
</kw>
<status status="PASS" starttime="20220918 23:19:23.403" endtime="20220918 23:19:23.403"/>
</kw>
<status status="PASS" starttime="20220918 23:19:23.397" endtime="20220918 23:19:23.403"/>
</iter>
<iter>
<var name="${i}">{'natid': 'NPHC$$$$$$', 'name': 'Google.M1', 'relief': '538.00'}</var>
<kw name="Set Variable" library="BuiltIn">
<var>${natid_str}</var>
<arg>${i["natid"]}</arg>
<doc>Returns the given values which can then be assigned to a variables.</doc>
<msg timestamp="20220918 23:19:23.404" level="INFO">${natid_str} = NPHC$$$$$$</msg>
<status status="PASS" starttime="20220918 23:19:23.403" endtime="20220918 23:19:23.404"/>
</kw>
<kw name="Set Variable" library="BuiltIn">
<var>${name_str}</var>
<arg>${i["name"]}</arg>
<doc>Returns the given values which can then be assigned to a variables.</doc>
<msg timestamp="20220918 23:19:23.404" level="INFO">${name_str} = Google.M1</msg>
<status status="PASS" starttime="20220918 23:19:23.404" endtime="20220918 23:19:23.404"/>
</kw>
<kw name="Set Variable" library="BuiltIn">
<var>${reflief_str}</var>
<arg>${i["relief"]}</arg>
<doc>Returns the given values which can then be assigned to a variables.</doc>
<msg timestamp="20220918 23:19:23.405" level="INFO">${reflief_str} = 538.00</msg>
<status status="PASS" starttime="20220918 23:19:23.404" endtime="20220918 23:19:23.405"/>
</kw>
<kw name="Set Variable" library="BuiltIn">
<var>${gender_str}</var>
<arg>M</arg>
<doc>Returns the given values which can then be assigned to a variables.</doc>
<msg timestamp="20220918 23:19:23.405" level="INFO">${gender_str} = M</msg>
<status status="PASS" starttime="20220918 23:19:23.405" endtime="20220918 23:19:23.405"/>
</kw>
<kw name="Set Variable" library="BuiltIn">
<var>${salary_str}</var>
<arg>700.00</arg>
<doc>Returns the given values which can then be assigned to a variables.</doc>
<msg timestamp="20220918 23:19:23.405" level="INFO">${salary_str} = 700.00</msg>
<status status="PASS" starttime="20220918 23:19:23.405" endtime="20220918 23:19:23.405"/>
</kw>
<kw name="Set Variable" library="BuiltIn">
<var>${birthday_str}</var>
<arg>07/07/1994</arg>
<doc>Returns the given values which can then be assigned to a variables.</doc>
<msg timestamp="20220918 23:19:23.405" level="INFO">${birthday_str} = 07/07/1994</msg>
<status status="PASS" starttime="20220918 23:19:23.405" endtime="20220918 23:19:23.405"/>
</kw>
<kw name="Set Variable" library="BuiltIn">
<var>${tax_str}</var>
<arg>650.00</arg>
<doc>Returns the given values which can then be assigned to a variables.</doc>
<msg timestamp="20220918 23:19:23.405" level="INFO">${tax_str} = 650.00</msg>
<status status="PASS" starttime="20220918 23:19:23.405" endtime="20220918 23:19:23.405"/>
</kw>
<kw name="Log To Console" library="BuiltIn">
<arg>"-------------------------</arg>
<arg>Test Case AC2 to AC6------------------------------ "</arg>
<doc>Logs the given message to the console.</doc>
<status status="PASS" starttime="20220918 23:19:23.405" endtime="20220918 23:19:23.405"/>
</kw>
<kw name="Log To Console" library="BuiltIn">
<arg>/********* AC 2 verify natid masking ****************/</arg>
<doc>Logs the given message to the console.</doc>
<status status="PASS" starttime="20220918 23:19:23.405" endtime="20220918 23:19:23.406"/>
</kw>
<kw name="Check Mask" library="OppenheimerAPIWrapper">
<var>${actual_result}</var>
<arg>${natid_str}</arg>
<msg timestamp="20220918 23:19:23.406" level="INFO">${actual_result} = True</msg>
<status status="PASS" starttime="20220918 23:19:23.406" endtime="20220918 23:19:23.406"/>
</kw>
<kw name="Run Keyword If" library="BuiltIn">
<arg>${actual_result} == True</arg>
<arg>TC4_AC2_Pass_Log</arg>
<arg>ELSE</arg>
<arg>TC4_AC2_Fail_Log</arg>
<doc>Runs the given keyword with the given arguments, if ``condition`` is true.</doc>
<kw name="TC4_AC2_Pass_Log" library="API_keywords">
<kw name="Log To Console" library="BuiltIn">
<arg>....AC2 - The nat id only contains $ from 5th digit Test Pass</arg>
<arg>....</arg>
<arg>&gt;&gt;</arg>
<doc>Logs the given message to the console.</doc>
<status status="PASS" starttime="20220918 23:19:23.406" endtime="20220918 23:19:23.406"/>
</kw>
<status status="PASS" starttime="20220918 23:19:23.406" endtime="20220918 23:19:23.406"/>
</kw>
<status status="PASS" starttime="20220918 23:19:23.406" endtime="20220918 23:19:23.406"/>
</kw>
<kw name="Log To Console" library="BuiltIn">
<arg>/********* AC3, AC4 and AC5 CalculatedTaxRelief ****************/</arg>
<doc>Logs the given message to the console.</doc>
<status status="PASS" starttime="20220918 23:19:23.406" endtime="20220918 23:19:23.406"/>
</kw>
<kw name="Verify Calculated Tax Relief" library="OppenheimerAPIWrapper">
<var>${taxRelief}</var>
<arg>${salary_str}</arg>
<arg>${tax_str}</arg>
<arg>${birthday_str}</arg>
<arg>${gender_str}</arg>
<arg>${reflief_str}</arg>
<msg timestamp="20220918 23:19:23.407" level="INFO">['07', '07', '1994']
40.0
Tax Relief Cal 40.0
Tax relief amount is round-off to 50.00:: 50.0
Calculated tax relief value not matched actual relief amount: 538.00 expected relied amount: 50.0</msg>
<msg timestamp="20220918 23:19:23.407" level="INFO">${taxRelief} = False</msg>
<status status="PASS" starttime="20220918 23:19:23.407" endtime="20220918 23:19:23.407"/>
</kw>
<kw name="Run Keyword If" library="BuiltIn">
<arg>${taxRelief} == True</arg>
<arg>TC4_AC3_Pass_Log</arg>
<arg>ELSE</arg>
<arg>TC4_AC3_Fail_Log</arg>
<doc>Runs the given keyword with the given arguments, if ``condition`` is true.</doc>
<kw name="TC4_AC3_Fail_Log" library="API_keywords">
<kw name="Run Keyword And Continue On Failure" library="BuiltIn">
<arg>Fail</arg>
<arg>&lt;...AC3,AC4 &amp; AC5 -Tax Relief calculation Test case Failed...&gt;</arg>
<doc>Runs the keyword and continues execution even if a failure occurs.</doc>
<kw name="Fail" library="BuiltIn">
<arg>&lt;...AC3,AC4 &amp; AC5 -Tax Relief calculation Test case Failed...&gt;</arg>
<doc>Fails the test with the given message and optionally alters its tags.</doc>
<msg timestamp="20220918 23:19:23.407" level="FAIL">&lt;...AC3,AC4 &amp; AC5 -Tax Relief calculation Test case Failed...&gt;</msg>
<status status="FAIL" starttime="20220918 23:19:23.407" endtime="20220918 23:19:23.407"/>
</kw>
<status status="FAIL" starttime="20220918 23:19:23.407" endtime="20220918 23:19:23.408"/>
</kw>
<status status="FAIL" starttime="20220918 23:19:23.407" endtime="20220918 23:19:23.408"/>
</kw>
<status status="FAIL" starttime="20220918 23:19:23.407" endtime="20220918 23:19:23.408"/>
</kw>
<kw name="Log To Console" library="BuiltIn">
<arg>/********* AC 6 2 digit round round off value ****************/</arg>
<doc>Logs the given message to the console.</doc>
<status status="PASS" starttime="20220918 23:19:23.408" endtime="20220918 23:19:23.408"/>
</kw>
<kw name="Verify Tax Relief Amt Two Decimal Point" library="OppenheimerAPIWrapper">
<var>${actual_result}</var>
<arg>${reflief_str}</arg>
<msg timestamp="20220918 23:19:23.408" level="INFO">538.00</msg>
<msg timestamp="20220918 23:19:23.408" level="INFO">${actual_result} = True</msg>
<status status="PASS" starttime="20220918 23:19:23.408" endtime="20220918 23:19:23.408"/>
</kw>
<kw name="Run Keyword If" library="BuiltIn">
<arg>${actual_result} == True</arg>
<arg>TC4_AC6_Pass_Log</arg>
<arg>ELSE</arg>
<arg>TC4_AC6_Fail_Log</arg>
<doc>Runs the given keyword with the given arguments, if ``condition`` is true.</doc>
<kw name="TC4_AC6_Pass_Log" library="API_keywords">
<kw name="Log To Console" library="BuiltIn">
<arg>..... AC6 Final Tax Relief with 2 digit round off ....Test Pass &gt;&gt;</arg>
<doc>Logs the given message to the console.</doc>
<status status="PASS" starttime="20220918 23:19:23.409" endtime="20220918 23:19:23.409"/>
</kw>
<status status="PASS" starttime="20220918 23:19:23.408" endtime="20220918 23:19:23.409"/>
</kw>
<status status="PASS" starttime="20220918 23:19:23.408" endtime="20220918 23:19:23.409"/>
</kw>
<status status="FAIL" starttime="20220918 23:19:23.403" endtime="20220918 23:19:23.409"/>
</iter>
<iter>
<var name="${i}">{'natid': 'NPHC$$$$$$', 'name': 'Google.M2', 'relief': '544.00'}</var>
<kw name="Set Variable" library="BuiltIn">
<var>${natid_str}</var>
<arg>${i["natid"]}</arg>
<doc>Returns the given values which can then be assigned to a variables.</doc>
<msg timestamp="20220918 23:19:23.409" level="INFO">${natid_str} = NPHC$$$$$$</msg>
<status status="PASS" starttime="20220918 23:19:23.409" endtime="20220918 23:19:23.409"/>
</kw>
<kw name="Set Variable" library="BuiltIn">
<var>${name_str}</var>
<arg>${i["name"]}</arg>
<doc>Returns the given values which can then be assigned to a variables.</doc>
<msg timestamp="20220918 23:19:23.410" level="INFO">${name_str} = Google.M2</msg>
<status status="PASS" starttime="20220918 23:19:23.409" endtime="20220918 23:19:23.410"/>
</kw>
<kw name="Set Variable" library="BuiltIn">
<var>${reflief_str}</var>
<arg>${i["relief"]}</arg>
<doc>Returns the given values which can then be assigned to a variables.</doc>
<msg timestamp="20220918 23:19:23.410" level="INFO">${reflief_str} = 544.00</msg>
<status status="PASS" starttime="20220918 23:19:23.410" endtime="20220918 23:19:23.410"/>
</kw>
<kw name="Set Variable" library="BuiltIn">
<var>${gender_str}</var>
<arg>M</arg>
<doc>Returns the given values which can then be assigned to a variables.</doc>
<msg timestamp="20220918 23:19:23.410" level="INFO">${gender_str} = M</msg>
<status status="PASS" starttime="20220918 23:19:23.410" endtime="20220918 23:19:23.410"/>
</kw>
<kw name="Set Variable" library="BuiltIn">
<var>${salary_str}</var>
<arg>700.00</arg>
<doc>Returns the given values which can then be assigned to a variables.</doc>
<msg timestamp="20220918 23:19:23.410" level="INFO">${salary_str} = 700.00</msg>
<status status="PASS" starttime="20220918 23:19:23.410" endtime="20220918 23:19:23.410"/>
</kw>
<kw name="Set Variable" library="BuiltIn">
<var>${birthday_str}</var>
<arg>07/07/1994</arg>
<doc>Returns the given values which can then be assigned to a variables.</doc>
<msg timestamp="20220918 23:19:23.411" level="INFO">${birthday_str} = 07/07/1994</msg>
<status status="PASS" starttime="20220918 23:19:23.411" endtime="20220918 23:19:23.411"/>
</kw>
<kw name="Set Variable" library="BuiltIn">
<var>${tax_str}</var>
<arg>650.00</arg>
<doc>Returns the given values which can then be assigned to a variables.</doc>
<msg timestamp="20220918 23:19:23.411" level="INFO">${tax_str} = 650.00</msg>
<status status="PASS" starttime="20220918 23:19:23.411" endtime="20220918 23:19:23.411"/>
</kw>
<kw name="Log To Console" library="BuiltIn">
<arg>"-------------------------</arg>
<arg>Test Case AC2 to AC6------------------------------ "</arg>
<doc>Logs the given message to the console.</doc>
<status status="PASS" starttime="20220918 23:19:23.411" endtime="20220918 23:19:23.411"/>
</kw>
<kw name="Log To Console" library="BuiltIn">
<arg>/********* AC 2 verify natid masking ****************/</arg>
<doc>Logs the given message to the console.</doc>
<status status="PASS" starttime="20220918 23:19:23.411" endtime="20220918 23:19:23.411"/>
</kw>
<kw name="Check Mask" library="OppenheimerAPIWrapper">
<var>${actual_result}</var>
<arg>${natid_str}</arg>
<msg timestamp="20220918 23:19:23.411" level="INFO">${actual_result} = True</msg>
<status status="PASS" starttime="20220918 23:19:23.411" endtime="20220918 23:19:23.411"/>
</kw>
<kw name="Run Keyword If" library="BuiltIn">
<arg>${actual_result} == True</arg>
<arg>TC4_AC2_Pass_Log</arg>
<arg>ELSE</arg>
<arg>TC4_AC2_Fail_Log</arg>
<doc>Runs the given keyword with the given arguments, if ``condition`` is true.</doc>
<kw name="TC4_AC2_Pass_Log" library="API_keywords">
<kw name="Log To Console" library="BuiltIn">
<arg>....AC2 - The nat id only contains $ from 5th digit Test Pass</arg>
<arg>....</arg>
<arg>&gt;&gt;</arg>
<doc>Logs the given message to the console.</doc>
<status status="PASS" starttime="20220918 23:19:23.412" endtime="20220918 23:19:23.412"/>
</kw>
<status status="PASS" starttime="20220918 23:19:23.411" endtime="20220918 23:19:23.412"/>
</kw>
<status status="PASS" starttime="20220918 23:19:23.411" endtime="20220918 23:19:23.412"/>
</kw>
<kw name="Log To Console" library="BuiltIn">
<arg>/********* AC3, AC4 and AC5 CalculatedTaxRelief ****************/</arg>
<doc>Logs the given message to the console.</doc>
<status status="PASS" starttime="20220918 23:19:23.412" endtime="20220918 23:19:23.412"/>
</kw>
<kw name="Verify Calculated Tax Relief" library="OppenheimerAPIWrapper">
<var>${taxRelief}</var>
<arg>${salary_str}</arg>
<arg>${tax_str}</arg>
<arg>${birthday_str}</arg>
<arg>${gender_str}</arg>
<arg>${reflief_str}</arg>
<msg timestamp="20220918 23:19:23.412" level="INFO">['07', '07', '1994']
40.0
Tax Relief Cal 40.0
Tax relief amount is round-off to 50.00:: 50.0
Calculated tax relief value not matched actual relief amount: 544.00 expected relied amount: 50.0</msg>
<msg timestamp="20220918 23:19:23.412" level="INFO">${taxRelief} = False</msg>
<status status="PASS" starttime="20220918 23:19:23.412" endtime="20220918 23:19:23.412"/>
</kw>
<kw name="Run Keyword If" library="BuiltIn">
<arg>${taxRelief} == True</arg>
<arg>TC4_AC3_Pass_Log</arg>
<arg>ELSE</arg>
<arg>TC4_AC3_Fail_Log</arg>
<doc>Runs the given keyword with the given arguments, if ``condition`` is true.</doc>
<kw name="TC4_AC3_Fail_Log" library="API_keywords">
<kw name="Run Keyword And Continue On Failure" library="BuiltIn">
<arg>Fail</arg>
<arg>&lt;...AC3,AC4 &amp; AC5 -Tax Relief calculation Test case Failed...&gt;</arg>
<doc>Runs the keyword and continues execution even if a failure occurs.</doc>
<kw name="Fail" library="BuiltIn">
<arg>&lt;...AC3,AC4 &amp; AC5 -Tax Relief calculation Test case Failed...&gt;</arg>
<doc>Fails the test with the given message and optionally alters its tags.</doc>
<msg timestamp="20220918 23:19:23.413" level="FAIL">&lt;...AC3,AC4 &amp; AC5 -Tax Relief calculation Test case Failed...&gt;</msg>
<status status="FAIL" starttime="20220918 23:19:23.413" endtime="20220918 23:19:23.413"/>
</kw>
<status status="FAIL" starttime="20220918 23:19:23.413" endtime="20220918 23:19:23.413"/>
</kw>
<status status="FAIL" starttime="20220918 23:19:23.412" endtime="20220918 23:19:23.413"/>
</kw>
<status status="FAIL" starttime="20220918 23:19:23.412" endtime="20220918 23:19:23.413"/>
</kw>
<kw name="Log To Console" library="BuiltIn">
<arg>/********* AC 6 2 digit round round off value ****************/</arg>
<doc>Logs the given message to the console.</doc>
<status status="PASS" starttime="20220918 23:19:23.413" endtime="20220918 23:19:23.414"/>
</kw>
<kw name="Verify Tax Relief Amt Two Decimal Point" library="OppenheimerAPIWrapper">
<var>${actual_result}</var>
<arg>${reflief_str}</arg>
<msg timestamp="20220918 23:19:23.414" level="INFO">544.00</msg>
<msg timestamp="20220918 23:19:23.414" level="INFO">${actual_result} = True</msg>
<status status="PASS" starttime="20220918 23:19:23.414" endtime="20220918 23:19:23.414"/>
</kw>
<kw name="Run Keyword If" library="BuiltIn">
<arg>${actual_result} == True</arg>
<arg>TC4_AC6_Pass_Log</arg>
<arg>ELSE</arg>
<arg>TC4_AC6_Fail_Log</arg>
<doc>Runs the given keyword with the given arguments, if ``condition`` is true.</doc>
<kw name="TC4_AC6_Pass_Log" library="API_keywords">
<kw name="Log To Console" library="BuiltIn">
<arg>..... AC6 Final Tax Relief with 2 digit round off ....Test Pass &gt;&gt;</arg>
<doc>Logs the given message to the console.</doc>
<status status="PASS" starttime="20220918 23:19:23.414" endtime="20220918 23:19:23.414"/>
</kw>
<status status="PASS" starttime="20220918 23:19:23.414" endtime="20220918 23:19:23.414"/>
</kw>
<status status="PASS" starttime="20220918 23:19:23.414" endtime="20220918 23:19:23.414"/>
</kw>
<status status="FAIL" starttime="20220918 23:19:23.409" endtime="20220918 23:19:23.414"/>
</iter>
<status status="FAIL" starttime="20220918 23:19:23.342" endtime="20220918 23:19:23.415"/>
</for>
<status status="FAIL" starttime="20220918 23:19:23.317" endtime="20220918 23:19:23.415">Several failures occurred:

1) &lt;...AC3,AC4 &amp; AC5 -Tax Relief calculation Test case Failed...&gt;

2) &lt;...AC3,AC4 &amp; AC5 -Tax Relief calculation Test case Failed...&gt;

3) &lt;...AC3,AC4 &amp; AC5 -Tax Relief calculation Test case Failed...&gt;

4) &lt;...AC3,AC4 &amp; AC5 -Tax Relief calculation Test case Failed...&gt;

5) &lt;...AC3,AC4 &amp; AC5 -Tax Relief calculation Test case Failed...&gt;

6) &lt;...AC3,AC4 &amp; AC5 -Tax Relief calculation Test case Failed...&gt;</status>
</test>
<doc>Automate the API related Usecases as part of this project.</doc>
<status status="FAIL" starttime="20220918 23:19:22.696" endtime="20220918 23:19:23.416"/>
</suite>
<statistics>
<total>
<stat pass="6" fail="1" skip="0">All Tests</stat>
</total>
<tag>
</tag>
<suite>
<stat pass="6" fail="1" skip="0" id="s1" name="TestCases API">TestCases API</stat>
</suite>
</statistics>
<errors>
</errors>
</robot>
